1	75.567453	 75.567453	 0.271739
2	75.567453	 75.567453	 0.271739
3	75.567453	 75.567453	 32.608696
4	76.542523	 76.542523	 32.608696
5	72.642260	 72.642260	 32.608696
6	72.642260	 72.642260	 32.608696
7	73.129795	 73.129795	 32.608696
8	72.154733	 72.154733	 32.608696
9	72.154733	 72.154733	 32.608696
10	72.642260	 72.642260	 32.608696
11	71.667199	 71.667199	 32.608696
12	76.542523	 76.542523	 32.608696
13	71.667199	 71.667199	 32.608696
14	71.667199	 71.667199	 32.608696
15	72.154733	 72.154733	 32.608696
16	72.154733	 72.154733	 32.608696
17	70.204602	 70.204602	 32.608696
18	68.254475	 68.254475	 32.608696
19	68.254475	 68.254475	 32.608696
20	70.692137	 70.692137	 32.608696
21	70.204602	 70.204602	 32.608696
22	70.692137	 70.692137	 32.608696
23	71.667199	 71.667199	 32.608696
24	70.204602	 70.204602	 32.608696
25	69.717076	 69.717076	 32.608696
26	70.692137	 70.692137	 32.608696
27	70.692137	 70.692137	 32.608696
28	71.667199	 71.667199	 32.608696
29	70.692137	 70.692137	 32.608696
30	70.204602	 70.204602	 32.608696
31	68.254475	 68.254475	 32.608696
32	70.692137	 70.692137	 32.608696
33	70.692137	 70.692137	 32.608696
34	69.717076	 69.717076	 32.608696
35	69.717076	 69.717076	 32.608696
36	68.254475	 68.254475	 32.608696
37	70.204602	 70.204602	 32.608696
38	69.717076	 69.717076	 32.608696
39	69.717076	 69.717076	 32.608696
40	68.742006	 68.742006	 32.608696
41	69.229541	 69.229541	 32.608696
42	69.717076	 69.717076	 32.608696
43	68.742006	 68.742006	 32.608696
44	70.204602	 70.204602	 32.608696
45	68.742006	 68.742006	 32.608696
46	68.742006	 68.742006	 32.608696
47	69.229541	 69.229541	 32.608696
48	69.717076	 69.717076	 32.608696
49	70.204602	 70.204602	 32.608696
50	69.717076	 69.717076	 32.608696
51	69.229541	 69.229541	 32.608696
52	68.742006	 68.742006	 32.608696
53	68.742006	 68.742006	 32.608696
54	72.642260	 72.642260	 32.608696
55	68.742006	 68.742006	 32.608696
56	68.742006	 68.742006	 32.608696
57	68.742006	 68.742006	 32.608696
58	68.742006	 68.742006	 32.608696
59	68.742006	 68.742006	 32.608696
60	69.229541	 69.229541	 32.608696
61	68.742006	 68.742006	 32.608696
62	68.742006	 68.742006	 32.608696
63	72.642260	 72.642260	 32.608696
64	68.742006	 68.742006	 32.608696
65	68.742006	 68.742006	 32.608696
66	68.742006	 68.742006	 32.608696
67	68.742006	 68.742006	 32.608696
68	68.742006	 68.742006	 32.608696
69	69.229541	 69.229541	 32.608696
70	68.742006	 68.742006	 32.608696
71	68.742006	 68.742006	 32.608696
72	68.254475	 68.254475	 32.608696
73	67.766944	 67.766944	 32.608696
74	68.742006	 68.742006	 32.608696
75	67.279413	 67.279413	 32.608696
76	68.742006	 68.742006	 32.608696
77	68.742006	 68.742006	 32.608696
78	68.254475	 68.254475	 32.608696
79	67.279413	 67.279413	 32.608696
80	68.742006	 68.742006	 32.608696
81	67.766944	 67.766944	 32.608696
82	67.766944	 67.766944	 32.608696
83	66.304348	 66.304348	 32.608696
84	67.279413	 67.279413	 32.608696
85	66.304348	 66.304348	 32.608696
86	66.304348	 66.304348	 32.608696
87	67.766944	 67.766944	 32.608696
88	67.279413	 67.279413	 32.608696
89	68.742006	 68.742006	 0.271739
90	68.742006	 68.742006	 0.271739
91	69.229541	 69.229541	 0.271739
92	68.254475	 68.254475	 32.608696
93	69.229541	 69.229541	 32.608696
94	67.279413	 67.279413	 32.608696
95	66.791879	 66.791879	 32.608696
96	68.742006	 68.742006	 32.608696
97	65.816817	 65.816817	 32.608696
98	66.791879	 66.791879	 32.608696
99	66.791879	 66.791879	 32.608696
100	65.329282	 65.329282	 32.608696
101	67.766944	 67.766944	 32.608696
102	66.304348	 66.304348	 32.608696
103	65.329282	 65.329282	 32.608696
104	66.304348	 66.304348	 32.608696
105	66.304348	 66.304348	 32.608696
106	64.354221	 64.354221	 32.608696
107	64.354221	 64.354221	 32.608696
108	66.304348	 66.304348	 32.608696
109	64.841751	 64.841751	 32.608696
110	65.329282	 65.329282	 32.608696
111	65.329282	 65.329282	 32.608696
112	65.329282	 65.329282	 32.608696
113	64.354221	 64.354221	 32.608696
114	66.304348	 66.304348	 32.608696
115	65.329282	 65.329282	 32.608696
116	68.742006	 68.742006	 32.608696
117	62.404094	 62.404094	 32.608696
118	66.791879	 66.791879	 32.608696
119	64.354221	 64.354221	 32.608696
120	64.354221	 64.354221	 32.608696
121	65.329282	 65.329282	 32.608696
122	64.841751	 64.841751	 32.608696
123	60.453962	 60.453962	 32.608696
124	65.816817	 65.816817	 32.608696
125	64.354221	 64.354221	 32.608696
126	64.841751	 64.841751	 32.608696
127	65.329282	 65.329282	 32.608696
128	68.742006	 68.742006	 32.608696
129	68.742006	 68.742006	 32.608696
130	64.841751	 64.841751	 32.608696
131	64.354221	 64.354221	 32.608696
132	65.329282	 65.329282	 32.608696
133	64.841751	 64.841751	 32.608696
134	64.354221	 64.354221	 32.608696
135	63.379155	 63.379155	 32.608696
136	64.354221	 64.354221	 32.608696
137	64.841751	 64.841751	 32.608696
138	64.841751	 64.841751	 32.608696
139	65.329282	 65.329282	 32.608696
140	65.329282	 65.329282	 32.608696
141	65.329282	 65.329282	 32.608696
142	60.453962	 60.453962	 32.608696
143	64.841751	 64.841751	 32.608696
144	64.354221	 64.354221	 32.608696
145	64.354221	 64.354221	 32.608696
146	64.354221	 64.354221	 32.608696
147	62.891624	 62.891624	 32.608696
148	64.841751	 64.841751	 32.608696
149	63.379155	 63.379155	 32.608696
150	62.404094	 62.404094	 32.608696
151	62.404094	 62.404094	 32.608696
152	62.891624	 62.891624	 32.608696
153	64.354221	 64.354221	 32.608696
154	63.379155	 63.379155	 32.608696
155	64.354221	 64.354221	 32.608696
156	66.791879	 66.791879	 32.608696
157	62.404094	 62.404094	 32.608696
158	66.791879	 66.791879	 32.608696
159	64.354221	 64.354221	 32.608696
160	64.354221	 64.354221	 32.608696
161	60.453962	 60.453962	 32.608696
162	62.404094	 62.404094	 32.608696
163	60.453962	 60.453962	 32.608696
164	63.866690	 63.866690	 32.608696
165	64.354221	 64.354221	 32.608696
166	64.354221	 64.354221	 32.608696
167	64.354221	 64.354221	 32.608696
168	63.379155	 63.379155	 32.608696
169	63.866690	 63.866690	 32.608696
170	63.866690	 63.866690	 32.608696
171	64.354221	 64.354221	 32.608696
172	62.891624	 62.891624	 32.608696
173	62.404094	 62.404094	 32.608696
174	64.354221	 64.354221	 32.608696
175	63.866690	 63.866690	 32.608696
176	62.404094	 62.404094	 32.608696
177	64.841751	 64.841751	 32.608696
178	66.791879	 66.791879	 32.608696
179	63.866690	 63.866690	 32.608696
180	64.841751	 64.841751	 32.608696
181	64.354221	 64.354221	 32.608696
182	63.866690	 63.866690	 32.608696
183	64.354221	 64.354221	 32.608696
184	62.404094	 62.404094	 32.608696
185	64.354221	 64.354221	 32.608696
186	68.742006	 68.742006	 32.608696
187	64.841751	 64.841751	 32.608696
188	63.866690	 63.866690	 32.608696
189	63.379155	 63.379155	 32.608696
190	64.841751	 64.841751	 32.608696
191	64.354221	 64.354221	 32.608696
192	66.791879	 66.791879	 32.608696
193	64.354221	 64.354221	 32.608696
194	62.404094	 62.404094	 32.608696
195	63.866690	 63.866690	 32.608696
196	63.379155	 63.379155	 32.608696
197	68.742006	 68.742006	 32.608696
198	64.841751	 64.841751	 32.608696
199	60.453962	 60.453962	 32.608696
200	63.379155	 63.379155	 32.608696
201	64.841751	 64.841751	 32.608696
202	64.354221	 64.354221	 32.608696
203	64.354221	 64.354221	 32.608696
204	62.404094	 62.404094	 32.608696
205	64.841751	 64.841751	 32.608696
206	66.791879	 66.791879	 32.608696
207	64.841751	 64.841751	 32.608696
208	64.841751	 64.841751	 32.608696
209	60.453962	 60.453962	 32.608696
210	60.453962	 60.453962	 32.608696
211	64.841751	 64.841751	 32.608696
212	64.841751	 64.841751	 32.608696
213	64.841751	 64.841751	 32.608696
214	64.841751	 64.841751	 32.608696
215	64.841751	 64.841751	 32.608696
216	68.742006	 68.742006	 32.608696
217	65.329282	 65.329282	 32.608696
218	64.841751	 64.841751	 32.608696
219	63.379155	 63.379155	 32.608696
220	64.841751	 64.841751	 32.608696
221	64.354221	 64.354221	 32.608696
222	62.404094	 62.404094	 32.608696
223	66.791879	 66.791879	 32.608696
224	64.354221	 64.354221	 32.608696
225	62.404094	 62.404094	 32.608696
226	65.329282	 65.329282	 32.608696
227	64.354221	 64.354221	 32.608696
228	65.329282	 65.329282	 32.608696
229	64.354221	 64.354221	 32.608696
230	64.841751	 64.841751	 32.608696
231	64.841751	 64.841751	 32.608696
232	64.354221	 64.354221	 32.608696
233	65.329282	 65.329282	 32.608696
234	64.841751	 64.841751	 32.608696
235	68.742006	 68.742006	 32.608696
236	64.841751	 64.841751	 32.608696
237	64.841751	 64.841751	 32.608696
238	64.841751	 64.841751	 32.608696
239	64.841751	 64.841751	 32.608696
240	64.841751	 64.841751	 32.608696
241	64.354221	 64.354221	 32.608696
242	65.329282	 65.329282	 32.608696
243	62.404094	 62.404094	 32.608696
244	62.404094	 62.404094	 32.608696
245	62.404094	 62.404094	 32.608696
246	60.453962	 60.453962	 32.608696
247	64.354221	 64.354221	 32.608696
248	60.453962	 60.453962	 32.608696
249	66.304348	 66.304348	 32.608696
250	64.841751	 64.841751	 32.608696
251	65.816817	 65.816817	 32.608696
252	65.329282	 65.329282	 32.608696
253	65.329282	 65.329282	 32.608696
254	64.841751	 64.841751	 32.608696
255	64.841751	 64.841751	 32.608696
256	68.742006	 68.742006	 32.608696
257	64.841751	 64.841751	 32.608696
258	60.453962	 60.453962	 32.608696
259	64.841751	 64.841751	 0.271739
260	64.354221	 64.354221	 0.271739
261	67.766944	 67.766944	 0.271739
262	65.816817	 65.816817	 0.271739
263	68.742006	 68.742006	 0.271739
264	64.354221	 64.354221	 0.271739
265	65.816817	 65.816817	 0.271739
266	65.816817	 65.816817	 0.271739
267	66.304348	 66.304348	 0.271739
268	65.816817	 65.816817	 0.271739
269	64.841751	 64.841751	 0.271739
270	63.379155	 63.379155	 0.271739
271	64.841751	 64.841751	 0.271739
272	64.354221	 64.354221	 0.271739
273	60.453962	 60.453962	 0.271739
274	60.453962	 60.453962	 0.271739
275	63.866690	 63.866690	 0.271739
276	62.891624	 62.891624	 0.271739
277	62.891624	 62.891624	 0.271739
278	62.891624	 62.891624	 0.271739
279	60.453962	 60.453962	 0.271739
280	62.891624	 62.891624	 0.271739
281	61.429028	 61.429028	 0.271739
282	61.916559	 61.916559	 0.271739
283	61.916559	 61.916559	 0.271739
284	60.941497	 60.941497	 0.271739
285	60.941497	 60.941497	 0.271739
286	60.941497	 60.941497	 0.271739
287	60.941497	 60.941497	 0.271739
288	68.742006	 68.742006	 0.271739
289	58.503835	 58.503835	 0.271739
290	58.991370	 58.991370	 0.271739
291	58.991370	 58.991370	 0.271739
292	58.016304	 58.016304	 0.271739
293	60.941497	 60.941497	 0.271739
294	58.991370	 58.991370	 0.271739
295	52.653454	 52.653454	 0.271739
296	52.653454	 52.653454	 0.271739
297	57.041239	 57.041239	 0.271739
298	57.041239	 57.041239	 0.271739
299	57.528774	 57.528774	 0.271739
300	56.553708	 56.553708	 0.271739
301	55.091112	 55.091112	 0.271739
302	57.041239	 57.041239	 0.271739
303	55.091112	 55.091112	 0.271739
304	56.553708	 56.553708	 0.271739
305	55.578646	 55.578646	 0.271739
306	55.091112	 55.091112	 0.271739
307	55.091112	 55.091112	 0.271739
308	55.091112	 55.091112	 0.271739
309	53.140984	 53.140984	 0.271739
310	55.091112	 55.091112	 0.271739
311	54.116050	 54.116050	 0.271739
312	52.653454	 52.653454	 0.271739
313	54.603581	 54.603581	 0.271739
314	44.852941	 44.852941	 0.271739
315	53.628515	 53.628515	 0.271739
316	53.140984	 53.140984	 0.271739
317	52.165919	 52.165919	 0.271739
318	51.678388	 51.678388	 0.271739
319	51.678388	 51.678388	 0.271739
320	50.703327	 50.703327	 0.271739
321	51.190857	 51.190857	 0.271739
322	50.215792	 50.215792	 0.271739
323	49.728261	 49.728261	 0.271739
324	49.240730	 49.240730	 0.271739
325	51.190857	 51.190857	 0.271739
326	48.753195	 48.753195	 0.271739
327	50.215792	 50.215792	 0.271739
328	49.240730	 49.240730	 0.271739
329	49.728261	 49.728261	 0.271739
330	49.240730	 49.240730	 0.271739
331	49.240730	 49.240730	 0.271739
332	49.240730	 49.240730	 0.271739
333	49.240730	 49.240730	 0.271739
334	47.778134	 47.778134	 0.271739
335	44.852941	 44.852941	 0.271739
336	47.290603	 47.290603	 0.271739
337	48.265664	 48.265664	 0.271739
338	47.290603	 47.290603	 0.271739
339	46.803068	 46.803068	 0.271739
340	46.315537	 46.315537	 0.271739
341	46.315537	 46.315537	 0.271739
342	45.340472	 45.340472	 0.271739
343	48.265664	 48.265664	 0.271739
344	45.828007	 45.828007	 0.271739
345	45.340472	 45.340472	 0.271739
346	45.828007	 45.828007	 0.271739
347	44.365410	 44.365410	 0.271739
348	44.365410	 44.365410	 0.271739
349	42.902814	 42.902814	 0.271739
350	45.340472	 45.340472	 0.271739
351	43.877875	 43.877875	 0.271739
352	43.877875	 43.877875	 0.271739
353	43.390345	 43.390345	 0.271739
354	44.365410	 44.365410	 0.271739
355	43.390345	 43.390345	 0.271739
356	37.052428	 37.052428	 0.271739
357	42.902814	 42.902814	 0.271739
358	42.902814	 42.902814	 0.271739
359	43.390345	 43.390345	 0.271739
360	40.952687	 40.952687	 0.271739
361	39.002559	 39.002559	 0.271739
362	41.440217	 41.440217	 0.271739
363	42.902814	 42.902814	 0.271739
364	37.052428	 37.052428	 0.271739
365	45.340472	 45.340472	 0.271739
366	40.465152	 40.465152	 0.271739
367	40.465152	 40.465152	 0.271739
368	40.952687	 40.952687	 0.271739
369	40.465152	 40.465152	 0.271739
370	39.977621	 39.977621	 0.271739
371	39.490090	 39.490090	 0.271739
372	39.490090	 39.490090	 0.271739
373	37.052428	 37.052428	 0.271739
374	41.440217	 41.440217	 0.271739
375	38.027494	 38.027494	 0.271739
376	36.564897	 36.564897	 0.271739
377	38.027494	 38.027494	 0.271739
378	37.539963	 37.539963	 0.271739
379	36.564897	 36.564897	 0.271739
380	36.564897	 36.564897	 0.271739
381	37.539963	 37.539963	 0.271739
382	35.589832	 35.589832	 0.271739
383	36.077367	 36.077367	 0.271739
384	37.539963	 37.539963	 0.271739
385	35.589832	 35.589832	 0.271739
386	37.539963	 37.539963	 0.271739
387	37.539963	 37.539963	 0.271739
388	35.589832	 35.589832	 0.271739
389	34.127237	 34.127237	 0.271739
390	33.152174	 33.152174	 0.271739
391	35.589832	 35.589832	 0.271739
392	37.539963	 37.539963	 0.271739
393	37.539963	 37.539963	 0.271739
394	33.152174	 33.152174	 0.271739
395	35.102301	 35.102301	 0.271739
396	34.127237	 34.127237	 0.271739
397	33.152174	 33.152174	 0.271739
398	34.127237	 34.127237	 0.271739
399	32.177110	 32.177110	 0.271739
400	37.539963	 37.539963	 0.271739
401	29.251918	 29.251918	 0.271739
402	32.664641	 32.664641	 0.271739
403	32.664641	 32.664641	 0.271739
404	31.202047	 31.202047	 0.271739
405	30.714514	 30.714514	 0.271739
406	37.539963	 37.539963	 0.271739
407	32.177110	 32.177110	 0.271739
408	29.739450	 29.739450	 0.271739
409	30.714514	 30.714514	 0.271739
410	30.226981	 30.226981	 0.271739
411	30.226981	 30.226981	 0.271739
412	29.739450	 29.739450	 0.271739
413	30.226981	 30.226981	 0.271739
414	29.739450	 29.739450	 0.271739
415	29.251918	 29.251918	 0.271739
416	28.764387	 28.764387	 0.271739
417	29.739450	 29.739450	 0.271739
418	27.789323	 27.789323	 0.271739
419	27.789323	 27.789323	 0.271739
420	28.764387	 28.764387	 0.271739
421	28.276854	 28.276854	 0.271739
422	27.789323	 27.789323	 0.271739
423	27.301790	 27.301790	 0.271739
424	27.789323	 27.789323	 0.271739
425	26.814258	 26.814258	 0.271739
426	26.814258	 26.814258	 0.271739
427	26.326727	 26.326727	 0.271739
428	28.276854	 28.276854	 0.271739
429	26.814258	 26.814258	 0.271739
430	26.326727	 26.326727	 0.271739
431	25.839194	 25.839194	 0.271739
432	25.839194	 25.839194	 0.271739
433	25.839194	 25.839194	 0.271739
434	26.326727	 26.326727	 0.271739
435	23.889067	 23.889067	 0.271739
436	23.401534	 23.401534	 0.271739
437	24.376598	 24.376598	 0.271739
438	24.864130	 24.864130	 0.271739
439	23.889067	 23.889067	 0.271739
440	25.351663	 25.351663	 0.271739
441	22.914003	 22.914003	 0.271739
442	23.889067	 23.889067	 0.271739
443	22.914003	 22.914003	 0.271739
444	23.889067	 23.889067	 0.271739
445	21.938938	 21.938938	 0.271739
446	24.376598	 24.376598	 0.271739
447	22.426470	 22.426470	 0.271739
448	22.426470	 22.426470	 0.271739
449	21.938938	 21.938938	 0.271739
450	17.551151	 17.551151	 0.271739
451	29.739450	 29.739450	 0.271739
452	17.551151	 17.551151	 0.271739
453	21.938938	 21.938938	 0.271739
454	21.938938	 21.938938	 0.271739
455	21.938938	 21.938938	 0.271739
456	19.988810	 19.988810	 0.271739
457	20.476343	 20.476343	 0.271739
458	19.988810	 19.988810	 0.271739
459	19.013747	 19.013747	 0.271739
460	19.988810	 19.988810	 0.271739
461	18.526214	 18.526214	 0.271739
462	18.526214	 18.526214	 0.271739
463	20.476343	 20.476343	 0.271739
464	19.013747	 19.013747	 0.271739
465	18.038683	 18.038683	 0.271739
466	19.013747	 19.013747	 0.271739
467	19.013747	 19.013747	 0.271739
468	18.038683	 18.038683	 0.271739
469	18.526214	 18.526214	 0.271739
470	18.038683	 18.038683	 0.271739
471	18.038683	 18.038683	 0.271739
472	18.038683	 18.038683	 0.271739
473	17.063619	 17.063619	 0.271739
474	17.063619	 17.063619	 0.271739
475	16.088555	 16.088555	 0.271739
476	16.576087	 16.576087	 0.271739
477	16.088555	 16.088555	 0.271739
478	16.088555	 16.088555	 0.271739
479	16.088555	 16.088555	 0.271739
480	16.576087	 16.576087	 0.271739
481	21.938938	 21.938938	 0.271739
482	15.601023	 15.601023	 0.271739
483	21.938938	 21.938938	 0.271739
484	15.113491	 15.113491	 0.271739
485	18.038683	 18.038683	 0.271739
486	15.113491	 15.113491	 0.271739
487	14.138427	 14.138427	 0.271739
488	14.138427	 14.138427	 0.271739
489	9.750640	 9.750640	 0.271739
490	14.138427	 14.138427	 0.271739
491	13.163363	 13.163363	 0.271739
492	14.625959	 14.625959	 0.271739
493	11.700767	 11.700767	 0.271739
494	13.163363	 13.163363	 0.271739
495	16.088555	 16.088555	 0.271739
496	14.138427	 14.138427	 0.271739
497	12.675832	 12.675832	 0.271739
498	12.675832	 12.675832	 0.271739
499	12.675832	 12.675832	 0.271739
500	12.188299	 12.188299	 0.271739
501	12.188299	 12.188299	 0.271739
502	13.163363	 13.163363	 0.271739
503	12.188299	 12.188299	 0.271739
504	12.188299	 12.188299	 0.271739
505	11.700767	 11.700767	 0.271739
506	12.675832	 12.675832	 0.271739
507	11.700767	 11.700767	 0.271739
508	18.038683	 18.038683	 0.271739
509	11.700767	 11.700767	 0.271739
510	14.138427	 14.138427	 0.271739
511	11.700767	 11.700767	 0.271739
512	12.188299	 12.188299	 0.271739
513	14.138427	 14.138427	 0.271739
514	12.188299	 12.188299	 0.271739
515	10.725703	 10.725703	 0.271739
516	12.675832	 12.675832	 0.271739
517	12.188299	 12.188299	 0.271739
518	12.675832	 12.675832	 0.271739
519	12.188299	 12.188299	 0.271739
520	11.700767	 11.700767	 0.271739
521	12.188299	 12.188299	 0.271739
522	12.675832	 12.675832	 0.271739
523	11.700767	 11.700767	 0.271739
524	11.213235	 11.213235	 0.271739
525	13.163363	 13.163363	 0.271739
526	5.850384	 5.850384	 0.271739
527	12.188299	 12.188299	 0.271739
528	11.700767	 11.700767	 0.271739
529	11.700767	 11.700767	 0.271739
530	11.700767	 11.700767	 0.271739
531	11.213235	 11.213235	 0.271739
532	10.725703	 10.725703	 0.271739
533	10.238172	 10.238172	 0.271739
534	10.725703	 10.725703	 0.271739
535	5.850384	 5.850384	 0.271739
536	10.238172	 10.238172	 0.271739
537	10.725703	 10.725703	 0.271739
538	10.725703	 10.725703	 0.271739
539	9.750640	 9.750640	 0.271739
540	11.213235	 11.213235	 0.271739
541	12.188299	 12.188299	 0.271739
542	10.238172	 10.238172	 0.271739
543	10.238172	 10.238172	 0.271739
544	9.750640	 9.750640	 0.271739
545	8.775575	 8.775575	 0.271739
546	7.800512	 7.800512	 0.271739
547	9.263107	 9.263107	 0.271739
548	10.238172	 10.238172	 0.271739
549	9.263107	 9.263107	 0.271739
550	5.850384	 5.850384	 0.271739
551	8.288043	 8.288043	 0.271739
552	8.775575	 8.775575	 0.271739
553	6.825448	 6.825448	 0.271739
554	8.288043	 8.288043	 0.271739
555	8.288043	 8.288043	 0.271739
556	10.238172	 10.238172	 0.271739
557	8.288043	 8.288043	 0.271739
558	5.850384	 5.850384	 0.271739
559	7.800512	 7.800512	 0.271739
560	8.288043	 8.288043	 0.271739
561	8.288043	 8.288043	 0.271739
562	8.288043	 8.288043	 0.271739
563	5.850384	 5.850384	 0.271739
564	6.825448	 6.825448	 0.271739
565	10.238172	 10.238172	 0.271739
566	6.337916	 6.337916	 0.271739
567	7.312979	 7.312979	 0.271739
568	7.312979	 7.312979	 0.271739
569	6.337916	 6.337916	 0.271739
570	7.312979	 7.312979	 0.271739
571	5.850384	 5.850384	 0.271739
572	5.850384	 5.850384	 0.271739
573	6.825448	 6.825448	 0.271739
574	6.337916	 6.337916	 0.271739
575	5.362852	 5.362852	 0.271739
576	6.825448	 6.825448	 0.271739
577	6.337916	 6.337916	 0.271739
578	6.337916	 6.337916	 0.271739
579	5.850384	 5.850384	 0.271739
580	5.850384	 5.850384	 0.271739
581	5.850384	 5.850384	 0.271739
582	4.387788	 4.387788	 0.271739
583	4.387788	 4.387788	 0.271739
584	4.387788	 4.387788	 0.271739
585	4.387788	 4.387788	 0.271739
586	4.387788	 4.387788	 0.271739
587	3.412724	 3.412724	 0.271739
588	4.387788	 4.387788	 0.271739
589	4.387788	 4.387788	 0.271739
590	4.875320	 4.875320	 0.271739
591	4.387788	 4.387788	 0.271739
592	3.412724	 3.412724	 0.271739
593	4.387788	 4.387788	 0.271739
594	3.900256	 3.900256	 0.271739
595	3.412724	 3.412724	 0.271739
596	3.412724	 3.412724	 0.271739
597	2.437660	 2.437660	 0.271739
598	1.950128	 1.950128	 0.271739
599	2.437660	 2.437660	 0.271739
600	2.925192	 2.925192	 0.271739
601	6.337916	 6.337916	 0.271739
602	2.437660	 2.437660	 0.271739
603	2.925192	 2.925192	 0.271739
604	2.437660	 2.437660	 0.271739
605	2.437660	 2.437660	 0.271739
606	2.437660	 2.437660	 0.271739
607	2.437660	 2.437660	 0.271739
608	1.462596	 1.462596	 0.271739
609	1.462596	 1.462596	 0.271739
610	0.975064	 0.975064	 0.271739
611	0.487532	 0.487532	 0.271739
612	1.462596	 1.462596	 0.271739
613	0.487532	 0.487532	 0.271739
614	0.975064	 0.975064	 0.271739
615	0.000000	 0.000000	 0.271739
616	0.487532	 0.487532	 0.271739
617	0.975064	 0.975064	 0.271739
618	0.487532	 0.487532	 0.271739
619	0.000000	 -0.487532	 0.271739
620	0.487532	 0.487532	 0.271739
621	0.000000	 0.000000	 0.271739
622	0.000000	 -0.487532	 0.271739
623	0.000000	 0.000000	 0.271739
624	0.487532	 0.487532	 0.271739
625	0.000000	 -0.487532	 0.271739
626	0.000000	 -0.487532	 0.271739
627	6.337916	 6.337916	 0.271739
628	6.337916	 6.337916	 0.271739
629	0.000000	 0.000000	 0.271739
630	0.000000	 0.000000	 0.271739
631	0.000000	 0.000000	 0.271739
632	0.000000	 0.000000	 0.271739
633	0.000000	 0.000000	 0.271739
634	0.000000	 0.000000	 0.271739
635	0.000000	 0.000000	 0.271739
636	0.000000	 -0.975064	 0.271739
637	0.000000	 0.000000	 0.271739
638	0.000000	 -0.975064	 0.271739
639	0.000000	 0.000000	 0.271739
640	0.000000	 0.000000	 0.271739
641	0.000000	 0.000000	 0.271739
642	0.000000	 0.000000	 0.271739
643	0.000000	 0.000000	 0.271739
644	0.000000	 0.000000	 0.271739
645	0.000000	 0.000000	 0.271739
646	0.000000	 -0.975064	 0.271739
647	0.000000	 0.000000	 0.271739
648	0.000000	 0.000000	 0.271739
649	0.000000	 0.000000	 0.271739
650	0.000000	 0.000000	 0.271739
651	0.000000	 -0.975064	 0.271739
652	0.000000	 0.000000	 0.271739
653	0.000000	 0.000000	 0.271739
654	0.000000	 0.000000	 0.271739
655	0.000000	 0.000000	 0.271739
656	0.000000	 0.000000	 0.271739
657	0.000000	 0.000000	 0.271739
658	0.000000	 0.000000	 0.271739
659	0.000000	 0.000000	 0.271739
660	0.000000	 0.000000	 0.271739
661	0.000000	 0.000000	 0.271739
662	0.000000	 0.000000	 0.271739
663	0.000000	 0.000000	 0.271739
664	0.000000	 -0.975064	 0.271739
665	0.000000	 0.000000	 0.271739
666	0.000000	 0.000000	 0.271739
667	0.487532	 0.487532	 0.271739
668	0.000000	 0.000000	 0.271739
669	0.000000	 0.000000	 0.271739
670	0.000000	 0.000000	 0.271739
671	0.000000	 0.000000	 0.271739
672	0.000000	 0.000000	 32.608696
673	0.000000	 0.000000	 32.608696
674	0.000000	 0.000000	 32.608696
675	0.000000	 0.000000	 32.608696
676	0.000000	 0.000000	 32.608696
677	0.000000	 0.000000	 32.608696
678	0.000000	 0.000000	 32.608696
679	0.000000	 0.000000	 32.608696
680	0.000000	 0.000000	 32.608696
681	0.000000	 0.000000	 32.608696
682	2.437660	 2.437660	 32.608696
683	0.000000	 0.000000	 32.608696
684	0.000000	 0.000000	 32.608696
685	0.000000	 0.000000	 32.608696
686	0.000000	 0.000000	 32.608696
687	0.000000	 0.000000	 32.608696
688	0.000000	 0.000000	 32.608696
689	0.000000	 0.000000	 32.608696
690	0.000000	 0.000000	 32.608696
691	0.000000	 0.000000	 32.608696
692	0.000000	 0.000000	 32.608696
693	0.000000	 0.000000	 32.608696
694	0.000000	 0.000000	 32.608696
695	0.000000	 0.000000	 32.608696
696	0.000000	 0.000000	 32.608696
697	0.000000	 0.000000	 32.608696
698	0.000000	 0.000000	 32.608696
699	0.000000	 -0.975064	 32.608696
700	0.000000	 0.000000	 32.608696
701	0.000000	 0.000000	 32.608696
702	0.000000	 0.000000	 32.608696
703	0.000000	 -0.975064	 32.608696
704	0.000000	 -0.975064	 32.608696
705	0.000000	 -0.975064	 32.608696
706	0.000000	 -0.487532	 32.608696
707	0.000000	 0.000000	 32.608696
708	0.000000	 -0.975064	 32.608696
709	0.000000	 -0.487532	 32.608696
710	0.000000	 0.000000	 32.608696
711	2.437660	 2.437660	 32.608696
712	0.000000	 0.000000	 32.608696
713	0.000000	 0.000000	 32.608696
714	0.000000	 0.000000	 32.608696
715	0.000000	 -0.487532	 32.608696
716	1.462596	 1.462596	 32.608696
717	0.000000	 -0.487532	 32.608696
718	0.000000	 -0.487532	 32.608696
719	6.337916	 6.337916	 32.608696
720	0.487532	 0.487532	 32.608696
721	0.487532	 0.487532	 32.608696
722	0.487532	 0.487532	 32.608696
723	0.487532	 0.487532	 32.608696
724	0.000000	 0.000000	 32.608696
725	0.000000	 -0.975064	 32.608696
726	1.462596	 1.462596	 32.608696
727	0.000000	 0.000000	 32.608696
728	0.975064	 0.975064	 32.608696
729	1.462596	 1.462596	 32.608696
730	2.437660	 2.437660	 32.608696
731	0.000000	 0.000000	 32.608696
732	0.975064	 0.975064	 32.608696
733	1.950128	 1.950128	 32.608696
734	2.437660	 2.437660	 32.608696
735	2.437660	 2.437660	 32.608696
736	2.437660	 2.437660	 32.608696
737	1.462596	 1.462596	 32.608696
738	0.975064	 0.975064	 32.608696
739	2.437660	 2.437660	 32.608696
740	2.925192	 2.925192	 32.608696
741	6.337916	 6.337916	 32.608696
742	3.412724	 3.412724	 32.608696
743	4.387788	 4.387788	 32.608696
744	0.000000	 0.000000	 32.608696
745	2.925192	 2.925192	 32.608696
746	3.412724	 3.412724	 32.608696
747	2.437660	 2.437660	 32.608696
748	2.925192	 2.925192	 32.608696
749	3.412724	 3.412724	 32.608696
750	0.000000	 0.000000	 32.608696
751	2.925192	 2.925192	 32.608696
752	2.437660	 2.437660	 32.608696
753	2.925192	 2.925192	 32.608696
754	2.925192	 2.925192	 32.608696
755	3.412724	 3.412724	 32.608696
756	4.387788	 4.387788	 32.608696
757	6.337916	 6.337916	 32.608696
758	4.387788	 4.387788	 32.608696
759	4.387788	 4.387788	 32.608696
760	4.387788	 4.387788	 32.608696
761	4.875320	 4.875320	 32.608696
762	4.387788	 4.387788	 32.608696
763	5.362852	 5.362852	 32.608696
764	4.387788	 4.387788	 32.608696
765	3.900256	 3.900256	 32.608696
766	4.875320	 4.875320	 32.608696
767	4.875320	 4.875320	 32.608696
768	4.875320	 4.875320	 32.608696
769	5.362852	 5.362852	 32.608696
770	5.850384	 5.850384	 32.608696
771	5.850384	 5.850384	 32.608696
772	5.850384	 5.850384	 32.608696
773	6.337916	 6.337916	 32.608696
774	4.387788	 4.387788	 32.608696
775	6.825448	 6.825448	 32.608696
776	6.825448	 6.825448	 32.608696
777	5.850384	 5.850384	 32.608696
778	8.288043	 8.288043	 32.608696
779	6.337916	 6.337916	 32.608696
780	6.825448	 6.825448	 32.608696
781	6.337916	 6.337916	 32.608696
782	6.825448	 6.825448	 32.608696
783	8.288043	 8.288043	 32.608696
784	10.238172	 10.238172	 32.608696
785	10.238172	 10.238172	 32.608696
786	6.825448	 6.825448	 32.608696
787	6.337916	 6.337916	 32.608696
788	5.850384	 5.850384	 32.608696
789	7.312979	 7.312979	 32.608696
790	9.263107	 9.263107	 32.608696
791	7.800512	 7.800512	 32.608696
792	5.850384	 5.850384	 32.608696
793	7.312979	 7.312979	 32.608696
794	7.800512	 7.800512	 32.608696
795	7.312979	 7.312979	 32.608696
796	6.337916	 6.337916	 32.608696
797	8.288043	 8.288043	 32.608696
798	8.288043	 8.288043	 32.608696
799	8.288043	 8.288043	 32.608696
800	8.288043	 8.288043	 32.608696
801	7.800512	 7.800512	 32.608696
802	9.263107	 9.263107	 32.608696
803	14.138427	 14.138427	 32.608696
804	14.138427	 14.138427	 32.608696
805	8.288043	 8.288043	 32.608696
806	8.288043	 8.288043	 32.608696
807	5.850384	 5.850384	 32.608696
808	9.263107	 9.263107	 32.608696
809	8.288043	 8.288043	 32.608696
810	9.263107	 9.263107	 32.608696
811	8.288043	 8.288043	 32.608696
812	7.800512	 7.800512	 32.608696
813	8.775575	 8.775575	 32.608696
814	7.800512	 7.800512	 32.608696
815	9.263107	 9.263107	 32.608696
816	9.750640	 9.750640	 32.608696
817	10.725703	 10.725703	 32.608696
818	14.138427	 14.138427	 32.608696
819	10.238172	 10.238172	 32.608696
820	10.238172	 10.238172	 32.608696
821	7.800512	 7.800512	 32.608696
822	7.800512	 7.800512	 32.608696
823	12.188299	 12.188299	 32.608696
824	14.138427	 14.138427	 32.608696
825	11.213235	 11.213235	 32.608696
826	11.213235	 11.213235	 32.608696
827	12.188299	 12.188299	 32.608696
828	11.213235	 11.213235	 32.608696
829	11.213235	 11.213235	 32.608696
830	11.700767	 11.700767	 32.608696
831	10.725703	 10.725703	 32.608696
832	11.700767	 11.700767	 32.608696
833	11.700767	 11.700767	 32.608696
834	11.700767	 11.700767	 32.608696
835	11.213235	 11.213235	 32.608696
836	11.700767	 11.700767	 32.608696
837	11.213235	 11.213235	 32.608696
838	12.188299	 12.188299	 32.608696
839	12.188299	 12.188299	 32.608696
840	12.188299	 12.188299	 32.608696
841	10.725703	 10.725703	 32.608696
842	9.750640	 9.750640	 32.608696
843	11.700767	 11.700767	 32.608696
844	9.750640	 9.750640	 32.608696
845	12.188299	 12.188299	 32.608696
846	14.138427	 14.138427	 32.608696
847	13.163363	 13.163363	 32.608696
848	12.675832	 12.675832	 32.608696
849	13.650895	 13.650895	 32.608696
850	13.163363	 13.163363	 32.608696
851	11.700767	 11.700767	 32.608696
852	18.038683	 18.038683	 32.608696
853	18.038683	 18.038683	 32.608696
854	13.650895	 13.650895	 32.608696
855	14.138427	 14.138427	 32.608696
856	14.138427	 14.138427	 32.608696
857	14.625959	 14.625959	 32.608696
858	14.625959	 14.625959	 32.608696
859	14.138427	 14.138427	 32.608696
860	14.625959	 14.625959	 32.608696
861	14.138427	 14.138427	 32.608696
862	14.625959	 14.625959	 32.608696
863	15.113491	 15.113491	 32.608696
864	15.601023	 15.601023	 32.608696
865	13.650895	 13.650895	 32.608696
866	13.650895	 13.650895	 32.608696
867	21.938938	 21.938938	 32.608696
868	14.625959	 14.625959	 32.608696
869	15.601023	 15.601023	 32.608696
870	15.601023	 15.601023	 32.608696
871	17.063619	 17.063619	 32.608696
872	16.576087	 16.576087	 32.608696
873	15.601023	 15.601023	 32.608696
874	13.650895	 13.650895	 32.608696
875	16.088555	 16.088555	 32.608696
876	17.063619	 17.063619	 32.608696
877	15.601023	 15.601023	 32.608696
878	14.625959	 14.625959	 32.608696
879	15.601023	 15.601023	 32.608696
880	17.063619	 17.063619	 32.608696
881	17.063619	 17.063619	 32.608696
882	13.650895	 13.650895	 32.608696
883	21.938938	 21.938938	 32.608696
884	17.063619	 17.063619	 32.608696
885	18.038683	 18.038683	 32.608696
886	15.601023	 15.601023	 32.608696
887	16.576087	 16.576087	 32.608696
888	19.501280	 19.501280	 32.608696
889	18.038683	 18.038683	 32.608696
890	19.988810	 19.988810	 32.608696
891	18.526214	 18.526214	 32.608696
892	18.526214	 18.526214	 32.608696
893	19.013747	 19.013747	 32.608696
894	21.938938	 21.938938	 32.608696
895	18.038683	 18.038683	 32.608696
896	19.013747	 19.013747	 32.608696
897	18.526214	 18.526214	 32.608696
898	21.938938	 21.938938	 32.608696
899	18.526214	 18.526214	 32.608696
900	19.501280	 19.501280	 32.608696
901	19.501280	 19.501280	 32.608696
902	13.650895	 13.650895	 32.608696
903	19.501280	 19.501280	 32.608696
904	19.501280	 19.501280	 32.608696
905	19.988810	 19.988810	 32.608696
906	19.988810	 19.988810	 32.608696
907	13.650895	 13.650895	 32.608696
908	20.476343	 20.476343	 32.608696
909	20.963874	 20.963874	 32.608696
910	18.526214	 18.526214	 32.608696
911	19.501280	 19.501280	 32.608696
912	20.476343	 20.476343	 32.608696
913	17.551151	 17.551151	 32.608696
914	20.963874	 20.963874	 32.608696
915	21.938938	 21.938938	 32.608696
916	21.938938	 21.938938	 32.608696
917	20.963874	 20.963874	 32.608696
918	21.938938	 21.938938	 32.608696
919	21.938938	 21.938938	 32.608696
920	20.963874	 20.963874	 32.608696
921	21.451407	 21.451407	 32.608696
922	22.426470	 22.426470	 32.608696
923	22.426470	 22.426470	 32.608696
924	22.914003	 22.914003	 32.608696
925	22.914003	 22.914003	 32.608696
926	21.938938	 21.938938	 32.608696
927	22.426470	 22.426470	 32.608696
928	22.914003	 22.914003	 32.608696
929	23.401534	 23.401534	 32.608696
930	23.401534	 23.401534	 32.608696
931	23.401534	 23.401534	 32.608696
932	23.889067	 23.889067	 32.608696
933	23.401534	 23.401534	 32.608696
934	22.914003	 22.914003	 32.608696
935	24.864130	 24.864130	 32.608696
936	23.401534	 23.401534	 32.608696
937	24.376598	 24.376598	 32.608696
938	24.376598	 24.376598	 32.608696
939	23.889067	 23.889067	 32.608696
940	23.889067	 23.889067	 32.608696
941	21.451407	 21.451407	 32.608696
942	23.889067	 23.889067	 32.608696
943	24.376598	 24.376598	 32.608696
944	24.864130	 24.864130	 32.608696
945	24.376598	 24.376598	 32.608696
946	24.864130	 24.864130	 32.608696
947	23.401534	 23.401534	 32.608696
948	21.451407	 21.451407	 32.608696
949	25.351663	 25.351663	 32.608696
950	24.864130	 24.864130	 32.608696
951	25.839194	 25.839194	 32.608696
952	24.376598	 24.376598	 32.608696
953	23.401534	 23.401534	 32.608696
954	24.376598	 24.376598	 32.608696
955	29.739450	 29.739450	 32.608696
956	25.351663	 25.351663	 32.608696
957	24.376598	 24.376598	 32.608696
958	25.351663	 25.351663	 32.608696
959	27.789323	 27.789323	 32.608696
960	26.326727	 26.326727	 32.608696
961	25.839194	 25.839194	 32.608696
962	25.839194	 25.839194	 32.608696
963	27.301790	 27.301790	 32.608696
964	25.839194	 25.839194	 32.608696
965	25.351663	 25.351663	 32.608696
966	26.326727	 26.326727	 32.608696
967	26.326727	 26.326727	 32.608696
968	27.301790	 27.301790	 32.608696
969	26.814258	 26.814258	 32.608696
970	25.839194	 25.839194	 32.608696
971	26.326727	 26.326727	 32.608696
972	26.326727	 26.326727	 32.608696
973	27.301790	 27.301790	 32.608696
974	27.789323	 27.789323	 32.608696
975	26.326727	 26.326727	 32.608696
976	21.451407	 21.451407	 32.608696
977	21.451407	 21.451407	 32.608696
978	28.276854	 28.276854	 32.608696
979	27.301790	 27.301790	 32.608696
980	28.276854	 28.276854	 32.608696
981	27.789323	 27.789323	 32.608696
982	27.789323	 27.789323	 32.608696
983	27.301790	 27.301790	 32.608696
984	25.351663	 25.351663	 32.608696
985	28.276854	 28.276854	 32.608696
986	29.739450	 29.739450	 32.608696
987	21.451407	 21.451407	 32.608696
988	27.789323	 27.789323	 32.608696
989	28.764387	 28.764387	 32.608696
990	28.764387	 28.764387	 32.608696
991	29.739450	 29.739450	 32.608696
992	27.789323	 27.789323	 32.608696
993	29.251918	 29.251918	 32.608696
994	28.764387	 28.764387	 32.608696
995	27.301790	 27.301790	 32.608696
996	27.301790	 27.301790	 32.608696
997	29.251918	 29.251918	 32.608696
998	25.351663	 25.351663	 32.608696
999	33.639707	 33.639707	 32.608696
1000	29.739450	 29.739450	 32.608696
1001	30.226981	 30.226981	 32.608696
1002	29.739450	 29.739450	 32.608696
1003	30.226981	 30.226981	 32.608696
1004	29.251918	 29.251918	 32.608696
1005	29.739450	 29.739450	 32.608696
1006	29.251918	 29.251918	 32.608696
1007	29.739450	 29.739450	 32.608696
1008	37.539963	 37.539963	 32.608696
1009	30.226981	 30.226981	 32.608696
1010	29.739450	 29.739450	 32.608696
1011	29.739450	 29.739450	 32.608696
1012	29.739450	 29.739450	 32.608696
1013	31.202047	 31.202047	 32.608696
1014	32.664641	 32.664641	 32.608696
1015	30.226981	 30.226981	 32.608696
1016	30.714514	 30.714514	 32.608696
1017	30.714514	 30.714514	 32.608696
1018	31.202047	 31.202047	 32.608696
1019	31.689578	 31.689578	 32.608696
1020	31.202047	 31.202047	 32.608696
1021	30.226981	 30.226981	 32.608696
1022	37.539963	 37.539963	 32.608696
1023	30.226981	 30.226981	 32.608696
1024	31.689578	 31.689578	 32.608696
1025	30.226981	 30.226981	 32.608696
1026	30.226981	 30.226981	 32.608696
1027	31.202047	 31.202047	 32.608696
1028	31.689578	 31.689578	 32.608696
1029	31.689578	 31.689578	 32.608696
1030	31.689578	 31.689578	 32.608696
1031	29.251918	 29.251918	 32.608696
1032	32.664641	 32.664641	 32.608696
1033	32.664641	 32.664641	 32.608696
1034	31.689578	 31.689578	 32.608696
1035	32.177110	 32.177110	 32.608696
1036	31.689578	 31.689578	 32.608696
1037	33.639707	 33.639707	 32.608696
1038	32.177110	 32.177110	 32.608696
1039	31.202047	 31.202047	 32.608696
1040	31.202047	 31.202047	 32.608696
1041	32.177110	 32.177110	 32.608696
1042	32.664641	 32.664641	 32.608696
1043	29.251918	 29.251918	 32.608696
1044	33.639707	 33.639707	 32.608696
1045	33.639707	 33.639707	 32.608696
1046	33.152174	 33.152174	 32.608696
1047	33.639707	 33.639707	 32.608696
1048	33.639707	 33.639707	 32.608696
1049	33.639707	 33.639707	 32.608696
1050	33.639707	 33.639707	 32.608696
1051	33.639707	 33.639707	 32.608696
1052	34.127237	 34.127237	 32.608696
1053	33.639707	 33.639707	 32.608696
1054	35.102301	 35.102301	 32.608696
1055	32.177110	 32.177110	 32.608696
1056	33.152174	 33.152174	 32.608696
1057	34.614770	 34.614770	 32.608696
1058	34.127237	 34.127237	 32.608696
1059	34.614770	 34.614770	 32.608696
1060	34.127237	 34.127237	 32.608696
1061	37.539963	 37.539963	 32.608696
1062	34.127237	 34.127237	 32.608696
1063	34.127237	 34.127237	 32.608696
1064	34.127237	 34.127237	 32.608696
1065	33.152174	 33.152174	 32.608696
1066	35.102301	 35.102301	 32.608696
1067	33.152174	 33.152174	 32.608696
1068	29.251918	 29.251918	 32.608696
1069	34.127237	 34.127237	 32.608696
1070	35.589832	 35.589832	 32.608696
1071	35.102301	 35.102301	 32.608696
1072	34.614770	 34.614770	 32.608696
1073	34.614770	 34.614770	 32.608696
1074	37.539963	 37.539963	 32.608696
1075	36.564897	 36.564897	 32.608696
1076	35.102301	 35.102301	 32.608696
1077	34.127237	 34.127237	 32.608696
1078	35.102301	 35.102301	 32.608696
1079	35.102301	 35.102301	 32.608696
1080	36.077367	 36.077367	 32.608696
1081	36.077367	 36.077367	 32.608696
1082	36.077367	 36.077367	 32.608696
1083	29.251918	 29.251918	 32.608696
1084	35.589832	 35.589832	 32.608696
1085	36.077367	 36.077367	 32.608696
1086	36.564897	 36.564897	 32.608696
1087	36.077367	 36.077367	 32.608696
1088	35.589832	 35.589832	 32.608696
1089	37.539963	 37.539963	 32.608696
1090	35.589832	 35.589832	 32.608696
1091	35.589832	 35.589832	 32.608696
1092	37.052428	 37.052428	 32.608696
1093	37.539963	 37.539963	 32.608696
1094	36.564897	 36.564897	 32.608696
1095	37.052428	 37.052428	 32.608696
1096	37.052428	 37.052428	 32.608696
1097	36.564897	 36.564897	 32.608696
1098	36.564897	 36.564897	 32.608696
1099	37.539963	 37.539963	 32.608696
1100	37.052428	 37.052428	 32.608696
1101	38.027494	 38.027494	 32.608696
1102	38.027494	 38.027494	 32.608696
1103	36.077367	 36.077367	 32.608696
1104	36.564897	 36.564897	 32.608696
1105	37.539963	 37.539963	 32.608696
1106	38.027494	 38.027494	 32.608696
1107	38.027494	 38.027494	 32.608696
1108	38.515025	 38.515025	 32.608696
1109	37.052428	 37.052428	 32.608696
1110	36.077367	 36.077367	 32.608696
1111	37.052428	 37.052428	 32.608696
1112	39.002559	 39.002559	 32.608696
1113	39.002559	 39.002559	 32.608696
1114	38.515025	 38.515025	 32.608696
1115	38.027494	 38.027494	 32.608696
1116	38.027494	 38.027494	 32.608696
1117	39.490090	 39.490090	 32.608696
1118	38.027494	 38.027494	 32.608696
1119	40.465152	 40.465152	 32.608696
1120	38.515025	 38.515025	 32.608696
1121	39.002559	 39.002559	 32.608696
1122	38.515025	 38.515025	 32.608696
1123	39.490090	 39.490090	 32.608696
1124	39.490090	 39.490090	 32.608696
1125	39.490090	 39.490090	 32.608696
1126	39.002559	 39.002559	 32.608696
1127	39.490090	 39.490090	 32.608696
1128	39.002559	 39.002559	 32.608696
1129	39.002559	 39.002559	 32.608696
1130	39.002559	 39.002559	 32.608696
1131	40.465152	 40.465152	 32.608696
1132	38.027494	 38.027494	 32.608696
1133	39.490090	 39.490090	 32.608696
1134	39.490090	 39.490090	 32.608696
1135	45.340472	 45.340472	 32.608696
1136	39.490090	 39.490090	 32.608696
1137	45.340472	 45.340472	 32.608696
1138	40.465152	 40.465152	 32.608696
1139	45.340472	 45.340472	 32.608696
1140	45.340472	 45.340472	 32.608696
1141	40.465152	 40.465152	 32.608696
1142	39.490090	 39.490090	 32.608696
1143	39.977621	 39.977621	 32.608696
1144	40.465152	 40.465152	 32.608696
1145	39.977621	 39.977621	 32.608696
1146	39.002559	 39.002559	 32.608696
1147	38.027494	 38.027494	 32.608696
1148	40.465152	 40.465152	 32.608696
1149	40.465152	 40.465152	 32.608696
1150	43.390345	 43.390345	 32.608696
1151	40.952687	 40.952687	 32.608696
1152	40.465152	 40.465152	 32.608696
1153	40.465152	 40.465152	 32.608696
1154	40.952687	 40.952687	 32.608696
1155	41.440217	 41.440217	 32.608696
1156	39.002559	 39.002559	 32.608696
1157	45.340472	 45.340472	 32.608696
1158	41.440217	 41.440217	 32.608696
1159	40.952687	 40.952687	 32.608696
1160	40.952687	 40.952687	 32.608696
1161	41.440217	 41.440217	 32.608696
1162	41.927748	 41.927748	 32.608696
1163	37.052428	 37.052428	 32.608696
1164	41.927748	 41.927748	 32.608696
1165	41.440217	 41.440217	 32.608696
1166	41.927748	 41.927748	 32.608696
1167	42.902814	 42.902814	 32.608696
1168	39.002559	 39.002559	 32.608696
1169	39.002559	 39.002559	 32.608696
1170	43.390345	 43.390345	 32.608696
1171	45.340472	 45.340472	 32.608696
1172	41.927748	 41.927748	 32.608696
1173	45.340472	 45.340472	 32.608696
1174	40.952687	 40.952687	 32.608696
1175	42.902814	 42.902814	 32.608696
1176	41.927748	 41.927748	 32.608696
1177	42.415283	 42.415283	 32.608696
1178	37.052428	 37.052428	 32.608696
1179	41.927748	 41.927748	 32.608696
1180	41.927748	 41.927748	 32.608696
1181	42.902814	 42.902814	 32.608696
1182	40.952687	 40.952687	 32.608696
1183	45.340472	 45.340472	 32.608696
1184	42.902814	 42.902814	 32.608696
1185	43.390345	 43.390345	 32.608696
1186	42.902814	 42.902814	 32.608696
1187	42.902814	 42.902814	 32.608696
1188	43.390345	 43.390345	 32.608696
1189	42.902814	 42.902814	 32.608696
1190	42.902814	 42.902814	 32.608696
1191	42.902814	 42.902814	 32.608696
1192	42.902814	 42.902814	 32.608696
1193	43.390345	 43.390345	 32.608696
1194	44.365410	 44.365410	 32.608696
1195	42.902814	 42.902814	 32.608696
1196	43.390345	 43.390345	 32.608696
1197	43.877875	 43.877875	 32.608696
1198	43.877875	 43.877875	 32.608696
1199	43.390345	 43.390345	 32.608696
1200	45.340472	 45.340472	 32.608696
1201	45.340472	 45.340472	 32.608696
1202	44.365410	 44.365410	 32.608696
1203	43.877875	 43.877875	 32.608696
1204	43.390345	 43.390345	 32.608696
1205	44.365410	 44.365410	 32.608696
1206	44.365410	 44.365410	 32.608696
1207	44.852941	 44.852941	 32.608696
1208	44.365410	 44.365410	 32.608696
1209	42.902814	 42.902814	 32.608696
1210	42.902814	 42.902814	 32.608696
1211	42.902814	 42.902814	 32.608696
1212	42.902814	 42.902814	 32.608696
1213	40.952687	 40.952687	 32.608696
1214	44.365410	 44.365410	 32.608696
1215	42.902814	 42.902814	 32.608696
1216	44.365410	 44.365410	 32.608696
1217	44.365410	 44.365410	 32.608696
1218	44.852941	 44.852941	 32.608696
1219	44.852941	 44.852941	 32.608696
1220	44.365410	 44.365410	 32.608696
1221	45.340472	 45.340472	 32.608696
1222	53.140984	 53.140984	 32.608696
1223	45.340472	 45.340472	 32.608696
1224	45.340472	 45.340472	 32.608696
1225	45.340472	 45.340472	 32.608696
1226	45.340472	 45.340472	 32.608696
1227	45.340472	 45.340472	 32.608696
1228	40.952687	 40.952687	 32.608696
1229	44.852941	 44.852941	 32.608696
1230	45.340472	 45.340472	 32.608696
1231	45.828007	 45.828007	 32.608696
1232	45.340472	 45.340472	 32.608696
1233	45.828007	 45.828007	 32.608696
1234	45.828007	 45.828007	 32.608696
1235	44.852941	 44.852941	 32.608696
1236	46.803068	 46.803068	 32.608696
1237	46.315537	 46.315537	 32.608696
1238	53.140984	 53.140984	 32.608696
1239	45.340472	 45.340472	 32.608696
1240	46.315537	 46.315537	 32.608696
1241	46.315537	 46.315537	 32.608696
1242	45.340472	 45.340472	 32.608696
1243	45.828007	 45.828007	 32.608696
1244	45.340472	 45.340472	 32.608696
1245	49.240730	 49.240730	 32.608696
1246	46.315537	 46.315537	 32.608696
1247	47.290603	 47.290603	 32.608696
1248	45.340472	 45.340472	 32.608696
1249	45.340472	 45.340472	 32.608696
1250	45.828007	 45.828007	 32.608696
1251	45.828007	 45.828007	 32.608696
1252	46.803068	 46.803068	 32.608696
1253	46.803068	 46.803068	 32.608696
1254	44.852941	 44.852941	 32.608696
1255	49.240730	 49.240730	 32.608696
1256	49.240730	 49.240730	 32.608696
1257	47.290603	 47.290603	 32.608696
1258	45.828007	 45.828007	 32.608696
1259	47.290603	 47.290603	 32.608696
1260	47.290603	 47.290603	 32.608696
1261	46.803068	 46.803068	 32.608696
1262	47.290603	 47.290603	 32.608696
1263	46.803068	 46.803068	 32.608696
1264	46.803068	 46.803068	 32.608696
1265	45.828007	 45.828007	 32.608696
1266	47.290603	 47.290603	 32.608696
1267	49.240730	 49.240730	 32.608696
1268	47.290603	 47.290603	 32.608696
1269	48.265664	 48.265664	 32.608696
1270	47.778134	 47.778134	 32.608696
1271	47.290603	 47.290603	 32.608696
1272	48.265664	 48.265664	 32.608696
1273	47.290603	 47.290603	 32.608696
1274	49.240730	 49.240730	 32.608696
1275	48.265664	 48.265664	 32.608696
1276	47.290603	 47.290603	 32.608696
1277	48.265664	 48.265664	 32.608696
1278	47.778134	 47.778134	 32.608696
1279	48.265664	 48.265664	 32.608696
1280	49.240730	 49.240730	 32.608696
1281	51.190857	 51.190857	 32.608696
1282	48.753195	 48.753195	 32.608696
1283	49.240730	 49.240730	 32.608696
1284	44.852941	 44.852941	 32.608696
1285	48.265664	 48.265664	 32.608696
1286	53.140984	 53.140984	 32.608696
1287	53.140984	 53.140984	 32.608696
1288	49.240730	 49.240730	 32.608696
1289	47.778134	 47.778134	 32.608696
1290	48.265664	 48.265664	 32.608696
1291	47.778134	 47.778134	 32.608696
1292	49.240730	 49.240730	 32.608696
1293	46.803068	 46.803068	 32.608696
1294	49.240730	 49.240730	 32.608696
1295	48.753195	 48.753195	 32.608696
1296	46.803068	 46.803068	 32.608696
1297	51.190857	 51.190857	 32.608696
1298	49.728261	 49.728261	 32.608696
1299	49.728261	 49.728261	 32.608696
1300	53.140984	 53.140984	 32.608696
1301	49.240730	 49.240730	 32.608696
1302	53.140984	 53.140984	 32.608696
1303	51.190857	 51.190857	 32.608696
1304	50.215792	 50.215792	 32.608696
1305	49.240730	 49.240730	 32.608696
1306	49.240730	 49.240730	 32.608696
1307	49.240730	 49.240730	 32.608696
1308	50.703327	 50.703327	 32.608696
1309	49.240730	 49.240730	 32.608696
1310	49.240730	 49.240730	 32.608696
1311	49.240730	 49.240730	 32.608696
1312	50.703327	 50.703327	 32.608696
1313	49.728261	 49.728261	 32.608696
1314	50.215792	 50.215792	 32.608696
1315	51.190857	 51.190857	 32.608696
1316	48.753195	 48.753195	 32.608696
1317	50.215792	 50.215792	 32.608696
1318	50.703327	 50.703327	 32.608696
1319	53.140984	 53.140984	 32.608696
1320	51.190857	 51.190857	 32.608696
1321	49.240730	 49.240730	 32.608696
1322	50.215792	 50.215792	 32.608696
1323	49.240730	 49.240730	 32.608696
1324	51.190857	 51.190857	 32.608696
1325	50.703327	 50.703327	 32.608696
1326	48.753195	 48.753195	 32.608696
1327	50.703327	 50.703327	 32.608696
1328	51.190857	 51.190857	 32.608696
1329	49.728261	 49.728261	 32.608696
1330	51.678388	 51.678388	 32.608696
1331	44.852941	 44.852941	 32.608696
1332	51.190857	 51.190857	 32.608696
1333	51.190857	 51.190857	 32.608696
1334	53.140984	 53.140984	 32.608696
1335	51.190857	 51.190857	 32.608696
1336	51.190857	 51.190857	 32.608696
1337	51.678388	 51.678388	 32.608696
1338	51.678388	 51.678388	 32.608696
1339	50.215792	 50.215792	 32.608696
1340	51.190857	 51.190857	 32.608696
1341	51.190857	 51.190857	 32.608696
1342	51.678388	 51.678388	 32.608696
1343	52.653454	 52.653454	 32.608696
1344	50.703327	 50.703327	 32.608696
1345	51.678388	 51.678388	 32.608696
1346	52.165919	 52.165919	 32.608696
1347	52.165919	 52.165919	 32.608696
1348	52.165919	 52.165919	 32.608696
1349	53.140984	 53.140984	 32.608696
1350	51.678388	 51.678388	 32.608696
1351	52.165919	 52.165919	 32.608696
1352	44.852941	 44.852941	 32.608696
1353	51.678388	 51.678388	 32.608696
1354	52.653454	 52.653454	 32.608696
1355	53.140984	 53.140984	 32.608696
1356	60.941497	 60.941497	 32.608696
1357	52.165919	 52.165919	 32.608696
1358	52.165919	 52.165919	 32.608696
1359	48.753195	 48.753195	 32.608696
1360	52.653454	 52.653454	 32.608696
1361	52.653454	 52.653454	 32.608696
1362	53.140984	 53.140984	 32.608696
1363	53.140984	 53.140984	 32.608696
1364	51.678388	 51.678388	 32.608696
1365	53.140984	 53.140984	 32.608696
1366	54.116050	 54.116050	 32.608696
1367	51.678388	 51.678388	 32.608696
1368	53.140984	 53.140984	 32.608696
1369	53.140984	 53.140984	 32.608696
1370	53.628515	 53.628515	 32.608696
1371	52.653454	 52.653454	 32.608696
1372	53.628515	 53.628515	 32.608696
1373	53.628515	 53.628515	 32.608696
1374	53.140984	 53.140984	 32.608696
1375	55.091112	 55.091112	 32.608696
1376	60.941497	 60.941497	 32.608696
1377	57.041239	 57.041239	 32.608696
1378	52.653454	 52.653454	 32.608696
1379	51.678388	 51.678388	 32.608696
1380	53.628515	 53.628515	 32.608696
1381	53.628515	 53.628515	 32.608696
1382	53.628515	 53.628515	 32.608696
1383	54.116050	 54.116050	 32.608696
1384	54.116050	 54.116050	 32.608696
1385	53.628515	 53.628515	 32.608696
1386	54.116050	 54.116050	 32.608696
1387	53.628515	 53.628515	 32.608696
1388	52.653454	 52.653454	 32.608696
1389	54.603581	 54.603581	 32.608696
1390	53.628515	 53.628515	 32.608696
1391	54.116050	 54.116050	 32.608696
1392	54.603581	 54.603581	 32.608696
1393	55.091112	 55.091112	 32.608696
1394	55.091112	 55.091112	 32.608696
1395	54.603581	 54.603581	 32.608696
1396	54.603581	 54.603581	 32.608696
1397	52.653454	 52.653454	 32.608696
1398	54.116050	 54.116050	 32.608696
1399	52.653454	 52.653454	 32.608696
1400	60.941497	 60.941497	 32.608696
1401	54.603581	 54.603581	 32.608696
1402	53.628515	 53.628515	 32.608696
1403	54.116050	 54.116050	 32.608696
1404	53.628515	 53.628515	 32.608696
1405	56.066177	 56.066177	 32.608696
1406	53.628515	 53.628515	 32.608696
1407	52.653454	 52.653454	 32.608696
1408	54.603581	 54.603581	 32.608696
1409	53.628515	 53.628515	 32.608696
1410	54.603581	 54.603581	 32.608696
1411	55.578646	 55.578646	 32.608696
1412	55.578646	 55.578646	 32.608696
1413	60.941497	 60.941497	 32.608696
1414	55.578646	 55.578646	 32.608696
1415	52.653454	 52.653454	 32.608696
1416	56.066177	 56.066177	 32.608696
1417	55.091112	 55.091112	 32.608696
1418	54.603581	 54.603581	 32.608696
1419	55.091112	 55.091112	 32.608696
1420	55.578646	 55.578646	 32.608696
1421	55.091112	 55.091112	 32.608696
1422	54.603581	 54.603581	 32.608696
1423	56.066177	 56.066177	 32.608696
1424	54.603581	 54.603581	 32.608696
1425	55.578646	 55.578646	 32.608696
1426	57.041239	 57.041239	 32.608696
1427	56.553708	 56.553708	 32.608696
1428	52.653454	 52.653454	 32.608696
1429	55.091112	 55.091112	 32.608696
1430	56.066177	 56.066177	 32.608696
1431	55.578646	 55.578646	 32.608696
1432	55.578646	 55.578646	 32.608696
1433	55.091112	 55.091112	 32.608696
1434	54.603581	 54.603581	 32.608696
1435	54.603581	 54.603581	 32.608696
1436	58.991370	 58.991370	 32.608696
1437	55.091112	 55.091112	 32.608696
1438	56.553708	 56.553708	 32.608696
1439	56.553708	 56.553708	 32.608696
1440	56.553708	 56.553708	 32.608696
1441	57.041239	 57.041239	 32.608696
1442	56.066177	 56.066177	 32.608696
1443	58.991370	 58.991370	 32.608696
1444	57.041239	 57.041239	 32.608696
1445	56.553708	 56.553708	 32.608696
1446	58.991370	 58.991370	 32.608696
1447	57.528774	 57.528774	 32.608696
1448	55.578646	 55.578646	 32.608696
1449	54.603581	 54.603581	 32.608696
1450	56.553708	 56.553708	 32.608696
1451	57.041239	 57.041239	 32.608696
1452	60.941497	 60.941497	 32.608696
1453	57.528774	 57.528774	 32.608696
1454	57.041239	 57.041239	 32.608696
1455	56.553708	 56.553708	 32.608696
1456	52.653454	 52.653454	 32.608696
1457	57.041239	 57.041239	 32.608696
1458	57.041239	 57.041239	 32.608696
1459	56.066177	 56.066177	 32.608696
1460	58.016304	 58.016304	 32.608696
1461	60.941497	 60.941497	 32.608696
1462	57.528774	 57.528774	 32.608696
1463	57.528774	 57.528774	 32.608696
1464	58.016304	 58.016304	 32.608696
1465	56.553708	 56.553708	 32.608696
1466	58.503835	 58.503835	 32.608696
1467	56.553708	 56.553708	 32.608696
1468	57.041239	 57.041239	 32.608696
1469	57.041239	 57.041239	 32.608696
1470	58.016304	 58.016304	 32.608696
1471	57.041239	 57.041239	 32.608696
1472	58.016304	 58.016304	 32.608696
1473	56.553708	 56.553708	 32.608696
1474	58.991370	 58.991370	 32.608696
1475	58.016304	 58.016304	 32.608696
1476	60.941497	 60.941497	 32.608696
1477	57.528774	 57.528774	 32.608696
1478	57.528774	 57.528774	 32.608696
1479	58.016304	 58.016304	 32.608696
1480	58.991370	 58.991370	 32.608696
1481	57.528774	 57.528774	 32.608696
1482	56.553708	 56.553708	 32.608696
1483	56.553708	 56.553708	 32.608696
1484	60.941497	 60.941497	 32.608696
1485	52.653454	 52.653454	 32.608696
1486	58.991370	 58.991370	 32.608696
1487	58.503835	 58.503835	 32.608696
1488	57.528774	 57.528774	 32.608696
1489	58.503835	 58.503835	 32.608696
1490	58.016304	 58.016304	 32.608696
1491	57.041239	 57.041239	 32.608696
1492	58.503835	 58.503835	 32.608696
1493	59.966431	 59.966431	 32.608696
1494	56.553708	 56.553708	 32.608696
1495	56.553708	 56.553708	 32.608696
1496	58.991370	 58.991370	 32.608696
1497	58.991370	 58.991370	 32.608696
1498	58.991370	 58.991370	 32.608696
1499	58.503835	 58.503835	 32.608696
1500	58.991370	 58.991370	 32.608696
1501	59.478901	 59.478901	 32.608696
1502	58.503835	 58.503835	 32.608696
1503	58.503835	 58.503835	 32.608696
1504	58.503835	 58.503835	 32.608696
1505	56.553708	 56.553708	 32.608696
1506	52.653454	 52.653454	 32.608696
1507	60.941497	 60.941497	 32.608696
1508	58.991370	 58.991370	 32.608696
1509	56.553708	 56.553708	 32.608696
1510	58.991370	 58.991370	 32.608696
1511	58.991370	 58.991370	 32.608696
1512	59.966431	 59.966431	 32.608696
1513	59.966431	 59.966431	 32.608696
1514	59.478901	 59.478901	 32.608696
1515	52.653454	 52.653454	 32.608696
1516	59.478901	 59.478901	 32.608696
1517	58.991370	 58.991370	 32.608696
1518	58.503835	 58.503835	 32.608696
1519	59.478901	 59.478901	 32.608696
1520	58.991370	 58.991370	 32.608696
1521	58.991370	 58.991370	 32.608696
1522	58.991370	 58.991370	 32.608696
1523	57.528774	 57.528774	 32.608696
1524	56.553708	 56.553708	 32.608696
1525	58.991370	 58.991370	 32.608696
1526	64.841751	 64.841751	 32.608696
1527	58.503835	 58.503835	 32.608696
1528	60.941497	 60.941497	 32.608696
1529	60.941497	 60.941497	 32.608696
1530	59.478901	 59.478901	 32.608696
1531	59.966431	 59.966431	 32.608696
1532	59.966431	 59.966431	 32.608696
1533	58.503835	 58.503835	 32.608696
1534	58.503835	 58.503835	 32.608696
1535	60.941497	 60.941497	 32.608696
1536	60.941497	 60.941497	 32.608696
1537	58.503835	 58.503835	 32.608696
1538	60.941497	 60.941497	 32.608696
1539	59.966431	 59.966431	 32.608696
1540	56.553708	 56.553708	 32.608696
1541	60.453962	 60.453962	 32.608696
1542	60.453962	 60.453962	 32.608696
1543	60.941497	 60.941497	 32.608696
1544	60.453962	 60.453962	 32.608696
1545	60.941497	 60.941497	 32.608696
1546	60.941497	 60.941497	 32.608696
1547	58.503835	 58.503835	 32.608696
1548	60.941497	 60.941497	 32.608696
1549	60.941497	 60.941497	 32.608696
1550	68.742006	 68.742006	 32.608696
1551	68.742006	 68.742006	 32.608696
1552	60.941497	 60.941497	 32.608696
1553	58.991370	 58.991370	 32.608696
1554	60.941497	 60.941497	 32.608696
1555	60.941497	 60.941497	 32.608696
1556	60.941497	 60.941497	 32.608696
1557	60.941497	 60.941497	 32.608696
1558	59.966431	 59.966431	 32.608696
1559	60.941497	 60.941497	 32.608696
1560	60.941497	 60.941497	 32.608696
1561	60.941497	 60.941497	 32.608696
1562	64.841751	 64.841751	 32.608696
1563	61.429028	 61.429028	 32.608696
1564	60.453962	 60.453962	 32.608696
1565	61.429028	 61.429028	 32.608696
1566	56.553708	 56.553708	 32.608696
1567	60.453962	 60.453962	 32.608696
1568	60.941497	 60.941497	 32.608696
1569	52.653454	 52.653454	 32.608696
1570	60.941497	 60.941497	 32.608696
1571	68.742006	 68.742006	 32.608696
1572	61.429028	 61.429028	 32.608696
1573	60.941497	 60.941497	 32.608696
1574	56.553708	 56.553708	 32.608696
1575	60.941497	 60.941497	 32.608696
1576	61.916559	 61.916559	 32.608696
1577	61.429028	 61.429028	 32.608696
1578	60.941497	 60.941497	 32.608696
1579	62.404094	 62.404094	 32.608696
1580	68.742006	 68.742006	 32.608696
1581	60.941497	 60.941497	 32.608696
1582	60.941497	 60.941497	 32.608696
1583	62.404094	 62.404094	 32.608696
1584	62.404094	 62.404094	 32.608696
1585	61.916559	 61.916559	 32.608696
1586	62.404094	 62.404094	 32.608696
1587	64.841751	 64.841751	 32.608696
1588	61.429028	 61.429028	 32.608696
1589	63.866690	 63.866690	 32.608696
1590	64.841751	 64.841751	 32.608696
1591	60.453962	 60.453962	 32.608696
1592	62.404094	 62.404094	 32.608696
1593	61.429028	 61.429028	 32.608696
1594	60.453962	 60.453962	 32.608696
1595	60.453962	 60.453962	 32.608696
1596	61.916559	 61.916559	 32.608696
1597	62.891624	 62.891624	 32.608696
1598	62.891624	 62.891624	 32.608696
1599	61.916559	 61.916559	 32.608696
1600	68.742006	 68.742006	 32.608696
1601	61.916559	 61.916559	 32.608696
1602	64.841751	 64.841751	 32.608696
1603	64.841751	 64.841751	 32.608696
1604	60.453962	 60.453962	 32.608696
1605	62.891624	 62.891624	 32.608696
1606	61.429028	 61.429028	 32.608696
1607	64.841751	 64.841751	 32.608696
1608	60.453962	 60.453962	 32.608696
1609	62.404094	 62.404094	 32.608696
1610	61.916559	 61.916559	 32.608696
1611	62.404094	 62.404094	 32.608696
1612	61.916559	 61.916559	 32.608696
1613	62.891624	 62.891624	 32.608696
1614	62.891624	 62.891624	 32.608696
1615	62.891624	 62.891624	 32.608696
1616	68.742006	 68.742006	 32.608696
1617	61.916559	 61.916559	 32.608696
1618	62.891624	 62.891624	 32.608696
1619	61.429028	 61.429028	 32.608696
1620	61.429028	 61.429028	 32.608696
1621	61.429028	 61.429028	 32.608696
1622	62.891624	 62.891624	 32.608696
1623	62.404094	 62.404094	 32.608696
1624	62.891624	 62.891624	 32.608696
1625	63.866690	 63.866690	 32.608696
1626	62.404094	 62.404094	 32.608696
1627	62.891624	 62.891624	 32.608696
1628	63.379155	 63.379155	 32.608696
1629	63.866690	 63.866690	 32.608696
1630	60.453962	 60.453962	 32.608696
1631	63.379155	 63.379155	 32.608696
1632	61.429028	 61.429028	 32.608696
1633	63.379155	 63.379155	 32.608696
1634	62.404094	 62.404094	 32.608696
1635	63.379155	 63.379155	 32.608696
1636	62.404094	 62.404094	 32.608696
1637	63.866690	 63.866690	 32.608696
1638	63.866690	 63.866690	 32.608696
1639	63.866690	 63.866690	 32.608696
1640	62.891624	 62.891624	 32.608696
1641	63.866690	 63.866690	 32.608696
1642	63.866690	 63.866690	 32.608696
1643	62.891624	 62.891624	 32.608696
1644	62.404094	 62.404094	 32.608696
1645	62.891624	 62.891624	 32.608696
1646	63.379155	 63.379155	 32.608696
1647	62.891624	 62.891624	 32.608696
1648	62.891624	 62.891624	 32.608696
1649	62.891624	 62.891624	 32.608696
1650	62.891624	 62.891624	 32.608696
1651	63.379155	 63.379155	 32.608696
1652	63.379155	 63.379155	 32.608696
1653	62.891624	 62.891624	 32.608696
1654	63.866690	 63.866690	 32.608696
1655	61.429028	 61.429028	 32.608696
1656	63.866690	 63.866690	 32.608696
1657	68.742006	 68.742006	 32.608696
1658	68.742006	 68.742006	 32.608696
1659	63.379155	 63.379155	 32.608696
1660	63.379155	 63.379155	 32.608696
1661	66.791879	 66.791879	 32.608696
1662	68.742006	 68.742006	 32.608696
1663	62.891624	 62.891624	 32.608696
1664	63.379155	 63.379155	 32.608696
1665	63.379155	 63.379155	 32.608696
1666	63.379155	 63.379155	 32.608696
1667	63.866690	 63.866690	 32.608696
1668	62.404094	 62.404094	 32.608696
1669	63.379155	 63.379155	 32.608696
1670	63.866690	 63.866690	 32.608696
1671	63.866690	 63.866690	 32.608696
1672	63.866690	 63.866690	 32.608696
1673	63.379155	 63.379155	 32.608696
1674	64.841751	 64.841751	 32.608696
1675	60.453962	 60.453962	 32.608696
1676	63.866690	 63.866690	 32.608696
1677	62.891624	 62.891624	 32.608696
1678	63.866690	 63.866690	 32.608696
1679	63.379155	 63.379155	 32.608696
1680	68.742006	 68.742006	 32.608696
1681	64.841751	 64.841751	 32.608696
1682	62.404094	 62.404094	 32.608696
1683	63.379155	 63.379155	 32.608696
1684	64.841751	 64.841751	 32.608696
1685	64.841751	 64.841751	 32.608696
1686	60.453962	 60.453962	 32.608696
1687	63.866690	 63.866690	 32.608696
1688	63.379155	 63.379155	 32.608696
1689	63.379155	 63.379155	 32.608696
1690	63.866690	 63.866690	 32.608696
1691	68.742006	 68.742006	 32.608696
1692	63.866690	 63.866690	 32.608696
1693	60.453962	 60.453962	 32.608696
1694	63.379155	 63.379155	 32.608696
1695	62.891624	 62.891624	 32.608696
1696	62.404094	 62.404094	 32.608696
1697	63.379155	 63.379155	 32.608696
1698	62.404094	 62.404094	 32.608696
1699	64.841751	 64.841751	 32.608696
1700	63.866690	 63.866690	 32.608696
1701	64.841751	 64.841751	 32.608696
1702	62.404094	 62.404094	 32.608696
1703	63.866690	 63.866690	 32.608696
1704	64.354221	 64.354221	 32.608696
1705	68.742006	 68.742006	 32.608696
1706	68.742006	 68.742006	 32.608696
1707	63.866690	 63.866690	 32.608696
1708	62.404094	 62.404094	 32.608696
1709	64.841751	 64.841751	 32.608696
1710	64.841751	 64.841751	 32.608696
1711	60.453962	 60.453962	 32.608696
1712	64.354221	 64.354221	 32.608696
1713	64.841751	 64.841751	 32.608696
1714	64.354221	 64.354221	 32.608696
1715	64.354221	 64.354221	 32.608696
1716	64.841751	 64.841751	 32.608696
1717	63.866690	 63.866690	 32.608696
1718	64.841751	 64.841751	 32.608696
1719	64.354221	 64.354221	 32.608696
1720	64.841751	 64.841751	 32.608696
1721	64.354221	 64.354221	 32.608696
1722	66.791879	 66.791879	 32.608696
1723	63.866690	 63.866690	 32.608696
1724	64.354221	 64.354221	 32.608696
1725	64.354221	 64.354221	 32.608696
1726	60.453962	 60.453962	 32.608696
1727	64.841751	 64.841751	 32.608696
1728	64.841751	 64.841751	 32.608696
1729	68.742006	 68.742006	 32.608696
1730	68.742006	 68.742006	 32.608696
1731	63.866690	 63.866690	 32.608696
1732	62.404094	 62.404094	 32.608696
1733	62.404094	 62.404094	 32.608696
1734	62.404094	 62.404094	 32.608696
1735	64.841751	 64.841751	 32.608696
1736	64.354221	 64.354221	 32.608696
1737	62.404094	 62.404094	 32.608696
1738	66.791879	 66.791879	 32.608696
1739	63.379155	 63.379155	 32.608696
1740	60.453962	 60.453962	 32.608696
1741	60.453962	 60.453962	 32.608696
1742	64.841751	 64.841751	 32.608696
1743	64.354221	 64.354221	 32.608696
1744	64.841751	 64.841751	 32.608696
1745	63.379155	 63.379155	 32.608696
1746	64.841751	 64.841751	 32.608696
1747	63.866690	 63.866690	 32.608696
1748	65.329282	 65.329282	 32.608696
1749	62.404094	 62.404094	 32.608696
1750	68.254475	 68.254475	 32.608696
1751	62.404094	 62.404094	 32.608696
1752	62.404094	 62.404094	 32.608696
1753	66.791879	 66.791879	 32.608696
1754	65.816817	 65.816817	 32.608696
1755	60.453962	 60.453962	 32.608696
1756	65.329282	 65.329282	 32.608696
1757	64.354221	 64.354221	 32.608696
1758	64.354221	 64.354221	 32.608696
1759	64.841751	 64.841751	 32.608696
1760	64.841751	 64.841751	 32.608696
1761	63.866690	 63.866690	 32.608696
1762	65.329282	 65.329282	 32.608696
1763	65.329282	 65.329282	 32.608696
1764	64.841751	 64.841751	 32.608696
1765	64.354221	 64.354221	 32.608696
1766	64.354221	 64.354221	 32.608696
1767	66.791879	 66.791879	 32.608696
1768	65.329282	 65.329282	 32.608696
1769	64.354221	 64.354221	 32.608696
1770	65.329282	 65.329282	 32.608696
1771	65.329282	 65.329282	 32.608696
1772	64.841751	 64.841751	 32.608696
1773	64.841751	 64.841751	 32.608696
1774	68.742006	 68.742006	 32.608696
1775	64.841751	 64.841751	 32.608696
1776	64.841751	 64.841751	 32.608696
1777	64.841751	 64.841751	 32.608696
1778	64.354221	 64.354221	 32.608696
1779	64.354221	 64.354221	 32.608696
1780	62.404094	 62.404094	 32.608696
1781	62.404094	 62.404094	 32.608696
1782	66.791879	 66.791879	 32.608696
1783	60.453962	 60.453962	 32.608696
1784	60.453962	 60.453962	 32.608696
1785	64.841751	 64.841751	 32.608696
1786	68.742006	 68.742006	 32.608696
1787	65.329282	 65.329282	 32.608696
1788	68.742006	 68.742006	 32.608696
1789	65.329282	 65.329282	 32.608696
1790	64.841751	 64.841751	 32.608696
1791	65.329282	 65.329282	 32.608696
1792	66.304348	 66.304348	 32.608696
1793	65.329282	 65.329282	 32.608696
1794	64.354221	 64.354221	 32.608696
1795	65.329282	 65.329282	 32.608696
1796	64.354221	 64.354221	 32.608696
1797	65.816817	 65.816817	 32.608696
1798	64.354221	 64.354221	 32.608696
1799	64.841751	 64.841751	 32.608696
1800	65.816817	 65.816817	 32.608696
1801	68.742006	 68.742006	 32.608696
1802	68.742006	 68.742006	 32.608696
1803	64.841751	 64.841751	 32.608696
1804	65.329282	 65.329282	 32.608696
1805	65.329282	 65.329282	 32.608696
1806	64.841751	 64.841751	 32.608696
1807	64.841751	 64.841751	 32.608696
1808	64.354221	 64.354221	 32.608696
1809	62.404094	 62.404094	 32.608696
1810	64.354221	 64.354221	 32.608696
1811	64.354221	 64.354221	 32.608696
1812	68.742006	 68.742006	 32.608696
1813	64.841751	 64.841751	 32.608696
1814	64.841751	 64.841751	 32.608696
1815	64.841751	 64.841751	 32.608696
1816	66.304348	 66.304348	 32.608696
1817	66.791879	 66.791879	 32.608696
1818	66.304348	 66.304348	 32.608696
1819	65.816817	 65.816817	 32.608696
1820	65.329282	 65.329282	 32.608696
1821	65.329282	 65.329282	 32.608696
1822	60.453962	 60.453962	 32.608696
1823	65.329282	 65.329282	 32.608696
1824	66.304348	 66.304348	 32.608696
1825	65.816817	 65.816817	 32.608696
1826	64.841751	 64.841751	 32.608696
1827	65.816817	 65.816817	 32.608696
1828	65.816817	 65.816817	 32.608696
1829	64.841751	 64.841751	 32.608696
1830	66.304348	 66.304348	 32.608696
1831	65.816817	 65.816817	 32.608696
1832	64.354221	 64.354221	 32.608696
1833	66.304348	 66.304348	 32.608696
1834	64.354221	 64.354221	 32.608696
1835	64.354221	 64.354221	 32.608696
1836	65.816817	 65.816817	 32.608696
1837	66.304348	 66.304348	 32.608696
1838	65.816817	 65.816817	 32.608696
1839	65.816817	 65.816817	 32.608696
1840	66.791879	 66.791879	 32.608696
1841	65.329282	 65.329282	 32.608696
1842	64.841751	 64.841751	 32.608696
1843	65.329282	 65.329282	 32.608696
1844	65.329282	 65.329282	 32.608696
1845	65.816817	 65.816817	 32.608696
1846	64.354221	 64.354221	 32.608696
1847	65.329282	 65.329282	 32.608696
1848	66.304348	 66.304348	 32.608696
1849	65.816817	 65.816817	 32.608696
1850	64.354221	 64.354221	 32.608696
1851	64.354221	 64.354221	 32.608696
1852	64.354221	 64.354221	 32.608696
1853	66.304348	 66.304348	 32.608696
1854	60.453962	 60.453962	 32.608696
1855	64.354221	 64.354221	 32.608696
1856	66.304348	 66.304348	 32.608696
1857	66.304348	 66.304348	 32.608696
1858	65.816817	 65.816817	 32.608696
1859	66.304348	 66.304348	 32.608696
1860	68.742006	 68.742006	 32.608696
1861	66.304348	 66.304348	 32.608696
1862	65.816817	 65.816817	 32.608696
1863	66.791879	 66.791879	 32.608696
1864	65.329282	 65.329282	 32.608696
1865	66.791879	 66.791879	 32.608696
1866	66.791879	 66.791879	 32.608696
1867	64.354221	 64.354221	 32.608696
1868	67.766944	 67.766944	 32.608696
1869	66.791879	 66.791879	 32.608696
1870	66.791879	 66.791879	 32.608696
1871	64.354221	 64.354221	 32.608696
1872	60.453962	 60.453962	 32.608696
1873	66.304348	 66.304348	 32.608696
1874	65.816817	 65.816817	 32.608696
1875	65.329282	 65.329282	 32.608696
1876	66.304348	 66.304348	 32.608696
1877	66.304348	 66.304348	 32.608696
1878	66.791879	 66.791879	 32.608696
1879	66.304348	 66.304348	 32.608696
1880	66.791879	 66.791879	 32.608696
1881	65.329282	 65.329282	 32.608696
1882	66.791879	 66.791879	 32.608696
1883	60.453962	 60.453962	 32.608696
1884	66.304348	 66.304348	 32.608696
1885	66.791879	 66.791879	 32.608696
1886	65.816817	 65.816817	 32.608696
1887	66.304348	 66.304348	 32.608696
1888	64.354221	 64.354221	 32.608696
1889	64.354221	 64.354221	 32.608696
1890	66.304348	 66.304348	 32.608696
1891	66.304348	 66.304348	 32.608696
1892	64.354221	 64.354221	 32.608696
1893	66.304348	 66.304348	 32.608696
1894	66.304348	 66.304348	 32.608696
1895	66.304348	 66.304348	 32.608696
1896	66.304348	 66.304348	 32.608696
1897	65.816817	 65.816817	 32.608696
1898	66.304348	 66.304348	 32.608696
1899	68.742006	 68.742006	 32.608696
1900	65.329282	 65.329282	 32.608696
1901	66.791879	 66.791879	 32.608696
1902	65.329282	 65.329282	 32.608696
1903	66.791879	 66.791879	 32.608696
1904	66.791879	 66.791879	 32.608696
1905	66.304348	 66.304348	 32.608696
1906	60.453962	 60.453962	 32.608696
1907	65.329282	 65.329282	 32.608696
1908	66.791879	 66.791879	 32.608696
1909	66.791879	 66.791879	 32.608696
1910	68.742006	 68.742006	 32.608696
1911	68.742006	 68.742006	 32.608696
1912	68.742006	 68.742006	 32.608696
1913	66.791879	 66.791879	 32.608696
1914	66.791879	 66.791879	 32.608696
1915	65.816817	 65.816817	 32.608696
1916	66.791879	 66.791879	 32.608696
1917	66.304348	 66.304348	 32.608696
1918	65.329282	 65.329282	 32.608696
1919	67.766944	 67.766944	 32.608696
1920	68.742006	 68.742006	 32.608696
1921	67.279413	 67.279413	 32.608696
1922	64.354221	 64.354221	 32.608696
1923	64.354221	 64.354221	 32.608696
1924	64.354221	 64.354221	 32.608696
1925	66.791879	 66.791879	 32.608696
1926	66.791879	 66.791879	 32.608696
1927	65.329282	 65.329282	 32.608696
1928	66.791879	 66.791879	 32.608696
1929	67.279413	 67.279413	 32.608696
1930	68.742006	 68.742006	 32.608696
1931	66.791879	 66.791879	 32.608696
1932	68.742006	 68.742006	 32.608696
1933	67.279413	 67.279413	 32.608696
1934	66.791879	 66.791879	 32.608696
1935	65.329282	 65.329282	 32.608696
1936	67.766944	 67.766944	 32.608696
1937	66.304348	 66.304348	 32.608696
1938	66.304348	 66.304348	 32.608696
1939	67.766944	 67.766944	 32.608696
1940	66.791879	 66.791879	 32.608696
1941	66.304348	 66.304348	 32.608696
1942	66.791879	 66.791879	 32.608696
1943	67.279413	 67.279413	 32.608696
1944	60.453962	 60.453962	 32.608696
1945	66.791879	 66.791879	 32.608696
1946	67.766944	 67.766944	 32.608696
1947	67.279413	 67.279413	 32.608696
1948	68.742006	 68.742006	 32.608696
1949	66.791879	 66.791879	 32.608696
1950	68.742006	 68.742006	 32.608696
1951	64.354221	 64.354221	 32.608696
1952	66.791879	 66.791879	 32.608696
1953	66.791879	 66.791879	 32.608696
1954	66.791879	 66.791879	 32.608696
1955	67.279413	 67.279413	 32.608696
1956	64.354221	 64.354221	 32.608696
1957	67.279413	 67.279413	 32.608696
1958	68.254475	 68.254475	 32.608696
1959	66.791879	 66.791879	 32.608696
1960	67.279413	 67.279413	 32.608696
1961	66.791879	 66.791879	 32.608696
1962	67.279413	 67.279413	 32.608696
1963	67.766944	 67.766944	 32.608696
1964	66.791879	 66.791879	 32.608696
1965	68.742006	 68.742006	 32.608696
1966	66.791879	 66.791879	 32.608696
1967	65.329282	 65.329282	 32.608696
1968	66.304348	 66.304348	 32.608696
1969	67.279413	 67.279413	 32.608696
1970	67.279413	 67.279413	 32.608696
1971	66.791879	 66.791879	 32.608696
1972	66.791879	 66.791879	 32.608696
1973	67.766944	 67.766944	 32.608696
1974	67.766944	 67.766944	 32.608696
1975	66.791879	 66.791879	 32.608696
1976	68.742006	 68.742006	 32.608696
1977	67.279413	 67.279413	 32.608696
1978	67.279413	 67.279413	 32.608696
1979	64.354221	 64.354221	 32.608696
1980	68.742006	 68.742006	 32.608696
1981	67.766944	 67.766944	 32.608696
1982	66.304348	 66.304348	 32.608696
1983	67.766944	 67.766944	 32.608696
1984	67.279413	 67.279413	 32.608696
1985	60.453962	 60.453962	 32.608696
1986	67.766944	 67.766944	 32.608696
1987	67.766944	 67.766944	 32.608696
1988	67.766944	 67.766944	 32.608696
1989	68.742006	 68.742006	 32.608696
1990	67.766944	 67.766944	 32.608696
1991	66.791879	 66.791879	 32.608696
1992	67.279413	 67.279413	 32.608696
1993	68.742006	 68.742006	 32.608696
1994	66.791879	 66.791879	 32.608696
1995	67.279413	 67.279413	 32.608696
1996	67.279413	 67.279413	 32.608696
1997	67.766944	 67.766944	 32.608696
1998	64.354221	 64.354221	 32.608696
1999	67.279413	 67.279413	 32.608696
2000	68.254475	 68.254475	 32.608696
2001	67.766944	 67.766944	 32.608696
2002	67.279413	 67.279413	 32.608696
2003	67.766944	 67.766944	 32.608696
2004	67.766944	 67.766944	 32.608696
2005	67.766944	 67.766944	 32.608696
2006	66.791879	 66.791879	 32.608696
2007	66.791879	 66.791879	 32.608696
2008	67.766944	 67.766944	 32.608696
2009	67.279413	 67.279413	 32.608696
2010	67.766944	 67.766944	 32.608696
2011	67.766944	 67.766944	 32.608696
2012	67.279413	 67.279413	 32.608696
2013	67.279413	 67.279413	 32.608696
2014	68.742006	 68.742006	 32.608696
2015	66.304348	 66.304348	 32.608696
2016	67.279413	 67.279413	 32.608696
2017	67.766944	 67.766944	 32.608696
2018	64.354221	 64.354221	 32.608696
2019	67.279413	 67.279413	 32.608696
2020	68.254475	 68.254475	 32.608696
2021	67.279413	 67.279413	 32.608696
2022	67.279413	 67.279413	 32.608696
2023	67.766944	 67.766944	 32.608696
2024	68.742006	 68.742006	 32.608696
2025	67.766944	 67.766944	 32.608696
2026	67.766944	 67.766944	 32.608696
2027	68.742006	 68.742006	 32.608696
2028	67.766944	 67.766944	 32.608696
2029	67.766944	 67.766944	 32.608696
2030	67.766944	 67.766944	 32.608696
2031	67.279413	 67.279413	 32.608696
2032	68.742006	 68.742006	 32.608696
2033	67.766944	 67.766944	 32.608696
2034	68.254475	 68.254475	 32.608696
2035	68.742006	 68.742006	 32.608696
2036	67.766944	 67.766944	 32.608696
2037	67.279413	 67.279413	 32.608696
2038	66.791879	 66.791879	 32.608696
2039	66.304348	 66.304348	 32.608696
2040	67.279413	 67.279413	 32.608696
2041	66.791879	 66.791879	 32.608696
2042	68.742006	 68.742006	 32.608696
2043	67.279413	 67.279413	 32.608696
2044	67.766944	 67.766944	 32.608696
2045	66.304348	 66.304348	 32.608696
2046	66.304348	 66.304348	 32.608696
2047	66.304348	 66.304348	 32.608696
2048	67.766944	 67.766944	 32.608696
2049	67.766944	 67.766944	 32.608696
2050	64.354221	 64.354221	 32.608696
2051	66.791879	 66.791879	 32.608696
2052	68.254475	 68.254475	 32.608696
2053	68.742006	 68.742006	 32.608696
2054	67.766944	 67.766944	 32.608696
2055	67.766944	 67.766944	 32.608696
2056	67.766944	 67.766944	 32.608696
2057	67.766944	 67.766944	 32.608696
2058	67.766944	 67.766944	 32.608696
2059	69.229541	 69.229541	 32.608696
2060	66.304348	 66.304348	 32.608696
2061	68.742006	 68.742006	 32.608696
2062	68.254475	 68.254475	 32.608696
2063	68.742006	 68.742006	 32.608696
2064	68.254475	 68.254475	 32.608696
2065	68.742006	 68.742006	 32.608696
2066	67.766944	 67.766944	 32.608696
2067	67.766944	 67.766944	 32.608696
2068	68.742006	 68.742006	 32.608696
2069	67.766944	 67.766944	 32.608696
2070	68.742006	 68.742006	 32.608696
2071	68.254475	 68.254475	 32.608696
2072	68.742006	 68.742006	 32.608696
2073	69.229541	 69.229541	 32.608696
2074	68.254475	 68.254475	 32.608696
2075	67.766944	 67.766944	 32.608696
2076	66.791879	 66.791879	 32.608696
2077	68.254475	 68.254475	 32.608696
2078	69.229541	 69.229541	 32.608696
2079	67.279413	 67.279413	 32.608696
2080	68.254475	 68.254475	 32.608696
2081	69.717076	 69.717076	 32.608696
2082	67.279413	 67.279413	 32.608696
2083	66.304348	 66.304348	 32.608696
2084	68.742006	 68.742006	 32.608696
2085	68.254475	 68.254475	 32.608696
2086	68.742006	 68.742006	 32.608696
2087	67.766944	 67.766944	 32.608696
2088	68.742006	 68.742006	 32.608696
2089	69.229541	 69.229541	 32.608696
2090	64.354221	 64.354221	 32.608696
2091	68.742006	 68.742006	 32.608696
2092	68.254475	 68.254475	 32.608696
2093	64.354221	 64.354221	 32.608696
2094	68.742006	 68.742006	 32.608696
2095	68.254475	 68.254475	 32.608696
2096	68.254475	 68.254475	 32.608696
2097	68.742006	 68.742006	 32.608696
2098	69.229541	 69.229541	 32.608696
2099	68.254475	 68.254475	 32.608696
2100	68.742006	 68.742006	 32.608696
2101	68.254475	 68.254475	 32.608696
2102	68.254475	 68.254475	 32.608696
2103	68.254475	 68.254475	 32.608696
2104	68.254475	 68.254475	 32.608696
2105	68.254475	 68.254475	 32.608696
2106	68.254475	 68.254475	 32.608696
2107	69.717076	 69.717076	 32.608696
2108	69.229541	 69.229541	 32.608696
2109	67.766944	 67.766944	 32.608696
2110	67.766944	 67.766944	 32.608696
2111	68.254475	 68.254475	 32.608696
2112	69.717076	 69.717076	 32.608696
2113	69.229541	 69.229541	 32.608696
2114	68.254475	 68.254475	 32.608696
2115	69.229541	 69.229541	 32.608696
2116	68.742006	 68.742006	 32.608696
2117	68.742006	 68.742006	 32.608696
2118	69.717076	 69.717076	 32.608696
2119	68.254475	 68.254475	 32.608696
2120	68.254475	 68.254475	 32.608696
2121	69.229541	 69.229541	 32.608696
2122	72.642260	 72.642260	 32.608696
2123	68.254475	 68.254475	 32.608696
2124	69.717076	 69.717076	 32.608696
2125	69.229541	 69.229541	 32.608696
2126	68.742006	 68.742006	 32.608696
2127	72.642260	 72.642260	 32.608696
2128	68.254475	 68.254475	 32.608696
2129	72.642260	 72.642260	 32.608696
2130	68.254475	 68.254475	 32.608696
2131	68.254475	 68.254475	 32.608696
2132	69.229541	 69.229541	 32.608696
2133	68.254475	 68.254475	 32.608696
2134	68.742006	 68.742006	 32.608696
2135	68.254475	 68.254475	 32.608696
2136	68.254475	 68.254475	 32.608696
2137	68.254475	 68.254475	 32.608696
2138	69.717076	 69.717076	 32.608696
2139	68.254475	 68.254475	 32.608696
2140	68.254475	 68.254475	 32.608696
2141	68.254475	 68.254475	 32.608696
2142	68.254475	 68.254475	 32.608696
2143	69.229541	 69.229541	 32.608696
2144	68.742006	 68.742006	 32.608696
2145	68.254475	 68.254475	 32.608696
2146	69.229541	 69.229541	 32.608696
2147	69.717076	 69.717076	 32.608696
2148	69.229541	 69.229541	 32.608696
2149	69.229541	 69.229541	 32.608696
2150	69.717076	 69.717076	 32.608696
2151	68.742006	 68.742006	 32.608696
2152	69.229541	 69.229541	 32.608696
2153	70.204602	 70.204602	 32.608696
2154	69.229541	 69.229541	 32.608696
2155	69.229541	 69.229541	 32.608696
2156	67.766944	 67.766944	 32.608696
2157	69.229541	 69.229541	 32.608696
2158	67.766944	 67.766944	 32.608696
2159	70.204602	 70.204602	 32.608696
2160	69.717076	 69.717076	 32.608696
2161	69.229541	 69.229541	 32.608696
2162	69.229541	 69.229541	 32.608696
2163	69.717076	 69.717076	 32.608696
2164	68.742006	 68.742006	 32.608696
2165	69.229541	 69.229541	 32.608696
2166	70.692137	 70.692137	 32.608696
2167	70.692137	 70.692137	 32.608696
2168	70.692137	 70.692137	 32.608696
2169	69.229541	 69.229541	 32.608696
2170	69.717076	 69.717076	 32.608696
2171	72.642260	 72.642260	 32.608696
2172	67.766944	 67.766944	 32.608696
2173	69.229541	 69.229541	 32.608696
2174	68.254475	 68.254475	 32.608696
2175	68.254475	 68.254475	 32.608696
2176	68.254475	 68.254475	 32.608696
2177	69.229541	 69.229541	 32.608696
2178	69.229541	 69.229541	 32.608696
2179	67.766944	 67.766944	 32.608696
2180	68.742006	 68.742006	 32.608696
2181	68.742006	 68.742006	 32.608696
2182	69.229541	 69.229541	 32.608696
2183	69.229541	 69.229541	 32.608696
2184	69.229541	 69.229541	 32.608696
2185	69.229541	 69.229541	 32.608696
2186	71.667199	 71.667199	 32.608696
2187	68.742006	 68.742006	 32.608696
2188	70.692137	 70.692137	 32.608696
2189	68.254475	 68.254475	 32.608696
2190	70.692137	 70.692137	 32.608696
2191	69.229541	 69.229541	 32.608696
2192	69.717076	 69.717076	 32.608696
2193	69.717076	 69.717076	 32.608696
2194	68.742006	 68.742006	 32.608696
2195	72.642260	 72.642260	 32.608696
2196	72.642260	 72.642260	 32.608696
2197	68.254475	 68.254475	 32.608696
2198	68.254475	 68.254475	 32.608696
2199	68.254475	 68.254475	 32.608696
2200	69.229541	 69.229541	 32.608696
2201	68.254475	 68.254475	 32.608696
2202	69.229541	 69.229541	 32.608696
2203	69.229541	 69.229541	 32.608696
2204	68.254475	 68.254475	 32.608696
2205	68.254475	 68.254475	 32.608696
2206	68.742006	 68.742006	 32.608696
2207	69.717076	 69.717076	 32.608696
2208	68.254475	 68.254475	 32.608696
2209	71.667199	 71.667199	 32.608696
2210	68.254475	 68.254475	 32.608696
2211	69.229541	 69.229541	 32.608696
2212	68.742006	 68.742006	 32.608696
2213	68.742006	 68.742006	 32.608696
2214	68.254475	 68.254475	 32.608696
2215	70.204602	 70.204602	 32.608696
2216	69.229541	 69.229541	 32.608696
2217	68.742006	 68.742006	 32.608696
2218	68.742006	 68.742006	 32.608696
2219	69.229541	 69.229541	 32.608696
2220	72.642260	 72.642260	 32.608696
2221	68.254475	 68.254475	 32.608696
2222	68.254475	 68.254475	 32.608696
2223	68.254475	 68.254475	 32.608696
2224	69.717076	 69.717076	 32.608696
2225	69.717076	 69.717076	 32.608696
2226	69.717076	 69.717076	 32.608696
2227	72.642260	 72.642260	 32.608696
2228	69.717076	 69.717076	 32.608696
2229	69.717076	 69.717076	 32.608696
2230	68.742006	 68.742006	 32.608696
2231	69.229541	 69.229541	 32.608696
2232	69.229541	 69.229541	 32.608696
2233	69.229541	 69.229541	 32.608696
2234	68.742006	 68.742006	 32.608696
2235	68.742006	 68.742006	 32.608696
2236	69.229541	 69.229541	 32.608696
2237	70.204602	 70.204602	 32.608696
2238	70.204602	 70.204602	 32.608696
2239	69.229541	 69.229541	 32.608696
2240	70.204602	 70.204602	 32.608696
2241	70.204602	 70.204602	 32.608696
2242	69.229541	 69.229541	 32.608696
2243	70.204602	 70.204602	 32.608696
2244	69.229541	 69.229541	 32.608696
2245	68.254475	 68.254475	 32.608696
2246	69.229541	 69.229541	 32.608696
2247	71.667199	 71.667199	 32.608696
2248	69.717076	 69.717076	 32.608696
2249	69.229541	 69.229541	 32.608696
2250	70.204602	 70.204602	 32.608696
2251	69.229541	 69.229541	 32.608696
2252	69.229541	 69.229541	 32.608696
2253	68.254475	 68.254475	 32.608696
2254	68.742006	 68.742006	 32.608696
2255	68.742006	 68.742006	 32.608696
2256	70.204602	 70.204602	 32.608696
2257	69.717076	 69.717076	 32.608696
2258	69.717076	 69.717076	 32.608696
2259	69.229541	 69.229541	 32.608696
2260	70.204602	 70.204602	 32.608696
2261	70.204602	 70.204602	 32.608696
2262	70.204602	 70.204602	 32.608696
2263	69.229541	 69.229541	 32.608696
2264	68.254475	 68.254475	 32.608696
2265	69.229541	 69.229541	 32.608696
2266	69.229541	 69.229541	 32.608696
2267	71.667199	 71.667199	 32.608696
2268	70.204602	 70.204602	 32.608696
2269	71.667199	 71.667199	 32.608696
2270	70.204602	 70.204602	 32.608696
2271	70.204602	 70.204602	 32.608696
2272	69.717076	 69.717076	 32.608696
2273	69.717076	 69.717076	 32.608696
2274	70.692137	 70.692137	 32.608696
2275	70.692137	 70.692137	 32.608696
2276	72.642260	 72.642260	 32.608696
2277	68.254475	 68.254475	 32.608696
2278	70.204602	 70.204602	 32.608696
2279	68.254475	 68.254475	 32.608696
2280	72.642260	 72.642260	 32.608696
2281	72.642260	 72.642260	 32.608696
2282	70.204602	 70.204602	 32.608696
2283	70.692137	 70.692137	 32.608696
2284	70.204602	 70.204602	 32.608696
2285	69.717076	 69.717076	 32.608696
2286	68.254475	 68.254475	 32.608696
2287	69.717076	 69.717076	 32.608696
2288	69.717076	 69.717076	 32.608696
2289	69.717076	 69.717076	 32.608696
2290	69.229541	 69.229541	 32.608696
2291	69.717076	 69.717076	 32.608696
2292	70.204602	 70.204602	 32.608696
2293	68.254475	 68.254475	 32.608696
2294	70.204602	 70.204602	 32.608696
2295	68.254475	 68.254475	 32.608696
2296	68.254475	 68.254475	 32.608696
2297	70.692137	 70.692137	 32.608696
2298	68.742006	 68.742006	 32.608696
2299	69.717076	 69.717076	 32.608696
2300	72.642260	 72.642260	 32.608696
2301	69.717076	 69.717076	 32.608696
2302	70.692137	 70.692137	 32.608696
2303	70.204602	 70.204602	 32.608696
2304	70.204602	 70.204602	 32.608696
2305	70.204602	 70.204602	 32.608696
2306	70.204602	 70.204602	 32.608696
2307	70.204602	 70.204602	 32.608696
2308	70.204602	 70.204602	 32.608696
2309	68.254475	 68.254475	 32.608696
2310	68.254475	 68.254475	 32.608696
2311	68.254475	 68.254475	 32.608696
2312	70.204602	 70.204602	 32.608696
2313	71.667199	 71.667199	 32.608696
2314	68.742006	 68.742006	 32.608696
2315	69.717076	 69.717076	 32.608696
2316	70.204602	 70.204602	 32.608696
2317	70.692137	 70.692137	 32.608696
2318	70.692137	 70.692137	 32.608696
2319	70.692137	 70.692137	 32.608696
2320	76.542523	 76.542523	 32.608696
2321	72.642260	 72.642260	 32.608696
2322	76.542523	 76.542523	 32.608696
2323	70.204602	 70.204602	 32.608696
2324	68.254475	 68.254475	 32.608696
2325	76.542523	 76.542523	 32.608696
2326	70.692137	 70.692137	 32.608696
2327	70.204602	 70.204602	 32.608696
2328	70.692137	 70.692137	 32.608696
2329	70.692137	 70.692137	 32.608696
2330	70.692137	 70.692137	 32.608696
2331	68.254475	 68.254475	 32.608696
2332	70.692137	 70.692137	 32.608696
2333	68.254475	 68.254475	 32.608696
2334	70.204602	 70.204602	 32.608696
2335	69.717076	 69.717076	 32.608696
2336	69.717076	 69.717076	 32.608696
2337	69.717076	 69.717076	 32.608696
2338	70.204602	 70.204602	 32.608696
2339	70.692137	 70.692137	 32.608696
2340	68.742006	 68.742006	 32.608696
2341	70.692137	 70.692137	 32.608696
2342	68.742006	 68.742006	 32.608696
2343	70.692137	 70.692137	 32.608696
2344	69.229541	 69.229541	 32.608696
2345	70.204602	 70.204602	 32.608696
2346	70.204602	 70.204602	 32.608696
2347	70.204602	 70.204602	 32.608696
2348	69.229541	 69.229541	 32.608696
2349	71.667199	 71.667199	 32.608696
2350	70.204602	 70.204602	 32.608696
2351	71.667199	 71.667199	 32.608696
2352	71.667199	 71.667199	 32.608696
2353	71.667199	 71.667199	 32.608696
2354	70.204602	 70.204602	 32.608696
2355	70.692137	 70.692137	 32.608696
2356	70.692137	 70.692137	 32.608696
2357	69.717076	 69.717076	 32.608696
2358	71.667199	 71.667199	 32.608696
2359	71.667199	 71.667199	 32.608696
2360	70.692137	 70.692137	 32.608696
2361	70.204602	 70.204602	 32.608696
2362	70.692137	 70.692137	 32.608696
2363	70.692137	 70.692137	 32.608696
2364	70.692137	 70.692137	 32.608696
2365	70.204602	 70.204602	 32.608696
2366	70.692137	 70.692137	 32.608696
2367	68.254475	 68.254475	 32.608696
2368	69.229541	 69.229541	 32.608696
2369	70.692137	 70.692137	 32.608696
2370	71.667199	 71.667199	 32.608696
2371	71.179664	 71.179664	 32.608696
2372	71.179664	 71.179664	 32.608696
2373	70.692137	 70.692137	 32.608696
2374	71.179664	 71.179664	 32.608696
2375	70.692137	 70.692137	 32.608696
2376	69.229541	 69.229541	 32.608696
2377	70.204602	 70.204602	 32.608696
2378	70.692137	 70.692137	 32.608696
2379	70.692137	 70.692137	 32.608696
2380	71.179664	 71.179664	 32.608696
2381	72.642260	 72.642260	 32.608696
2382	72.642260	 72.642260	 32.608696
2383	70.692137	 70.692137	 32.608696
2384	76.542523	 76.542523	 32.608696
2385	72.642260	 72.642260	 32.608696
2386	70.692137	 70.692137	 32.608696
2387	69.229541	 69.229541	 32.608696
2388	70.204602	 70.204602	 32.608696
2389	70.204602	 70.204602	 32.608696
2390	76.542523	 76.542523	 32.608696
2391	70.692137	 70.692137	 32.608696
2392	76.542523	 76.542523	 32.608696
2393	70.692137	 70.692137	 32.608696
2394	70.204602	 70.204602	 32.608696
2395	70.204602	 70.204602	 32.608696
2396	72.642260	 72.642260	 32.608696
2397	71.179664	 71.179664	 32.608696
2398	71.179664	 71.179664	 32.608696
2399	70.204602	 70.204602	 32.608696
2400	70.204602	 70.204602	 32.608696
2401	69.229541	 69.229541	 32.608696
2402	69.229541	 69.229541	 32.608696
2403	71.179664	 71.179664	 32.608696
2404	70.204602	 70.204602	 32.608696
2405	71.667199	 71.667199	 32.608696
2406	71.667199	 71.667199	 32.608696
2407	71.667199	 71.667199	 32.608696
2408	71.667199	 71.667199	 32.608696
2409	71.179664	 71.179664	 32.608696
2410	70.204602	 70.204602	 32.608696
2411	71.667199	 71.667199	 32.608696
2412	71.667199	 71.667199	 32.608696
2413	70.204602	 70.204602	 32.608696
2414	70.204602	 70.204602	 32.608696
2415	72.642260	 72.642260	 32.608696
2416	70.204602	 70.204602	 32.608696
2417	70.204602	 70.204602	 32.608696
2418	71.667199	 71.667199	 32.608696
2419	70.692137	 70.692137	 32.608696
2420	71.667199	 71.667199	 32.608696
2421	71.667199	 71.667199	 32.608696
2422	71.179664	 71.179664	 32.608696
2423	71.667199	 71.667199	 32.608696
2424	71.179664	 71.179664	 32.608696
2425	68.254475	 68.254475	 32.608696
2426	71.667199	 71.667199	 32.608696
2427	68.254475	 68.254475	 32.608696
2428	70.692137	 70.692137	 32.608696
2429	71.179664	 71.179664	 32.608696
2430	70.204602	 70.204602	 32.608696
2431	70.204602	 70.204602	 32.608696
2432	70.692137	 70.692137	 32.608696
2433	71.179664	 71.179664	 32.608696
2434	71.179664	 71.179664	 32.608696
2435	68.254475	 68.254475	 32.608696
2436	71.179664	 71.179664	 32.608696
2437	69.229541	 69.229541	 32.608696
2438	71.179664	 71.179664	 32.608696
2439	69.229541	 69.229541	 32.608696
2440	69.229541	 69.229541	 32.608696
2441	74.592391	 74.592391	 32.608696
2442	71.179664	 71.179664	 32.608696
2443	71.667199	 71.667199	 32.608696
2444	68.254475	 68.254475	 32.608696
2445	71.179664	 71.179664	 32.608696
2446	71.667199	 71.667199	 32.608696
2447	70.204602	 70.204602	 32.608696
2448	71.667199	 71.667199	 32.608696
2449	70.204602	 70.204602	 32.608696
2450	70.204602	 70.204602	 32.608696
2451	70.204602	 70.204602	 32.608696
2452	70.204602	 70.204602	 32.608696
2453	72.642260	 72.642260	 32.608696
2454	71.667199	 71.667199	 32.608696
2455	76.542523	 76.542523	 32.608696
2456	71.667199	 71.667199	 32.608696
2457	72.642260	 72.642260	 32.608696
2458	70.692137	 70.692137	 32.608696
2459	72.642260	 72.642260	 32.608696
2460	71.179664	 71.179664	 32.608696
2461	76.542523	 76.542523	 32.608696
2462	71.179664	 71.179664	 32.608696
2463	71.179664	 71.179664	 32.608696
2464	71.179664	 71.179664	 32.608696
2465	76.542523	 76.542523	 32.608696
2466	76.542523	 76.542523	 32.608696
2467	71.667199	 71.667199	 32.608696
2468	70.204602	 70.204602	 32.608696
2469	71.179664	 71.179664	 32.608696
2470	71.179664	 71.179664	 32.608696
2471	76.542523	 76.542523	 32.608696
2472	71.179664	 71.179664	 32.608696
2473	71.667199	 71.667199	 32.608696
2474	72.642260	 72.642260	 32.608696
2475	70.692137	 70.692137	 32.608696
2476	71.179664	 71.179664	 32.608696
2477	72.642260	 72.642260	 32.608696
2478	71.179664	 71.179664	 32.608696
2479	72.642260	 72.642260	 32.608696
2480	71.667199	 71.667199	 32.608696
2481	71.667199	 71.667199	 32.608696
2482	70.692137	 70.692137	 32.608696
2483	70.692137	 70.692137	 32.608696
2484	71.667199	 71.667199	 32.608696
2485	70.692137	 70.692137	 32.608696
2486	76.542523	 76.542523	 32.608696
2487	71.179664	 71.179664	 32.608696
2488	71.179664	 71.179664	 32.608696
2489	70.692137	 70.692137	 32.608696
2490	71.179664	 71.179664	 32.608696
2491	70.692137	 70.692137	 32.608696
2492	71.667199	 71.667199	 32.608696
2493	71.179664	 71.179664	 32.608696
2494	71.179664	 71.179664	 32.608696
2495	72.642260	 72.642260	 32.608696
2496	72.642260	 72.642260	 32.608696
2497	76.542523	 76.542523	 32.608696
2498	71.667199	 71.667199	 32.608696
2499	71.667199	 71.667199	 32.608696
2500	71.667199	 71.667199	 32.608696
2501	71.667199	 71.667199	 32.608696
2502	71.179664	 71.179664	 32.608696
2503	71.179664	 71.179664	 32.608696
2504	70.204602	 70.204602	 32.608696
2505	70.692137	 70.692137	 32.608696
2506	70.692137	 70.692137	 32.608696
2507	74.592391	 74.592391	 32.608696
2508	71.179664	 71.179664	 32.608696
2509	69.229541	 69.229541	 32.608696
2510	72.154733	 72.154733	 32.608696
2511	70.204602	 70.204602	 32.608696
2512	70.204602	 70.204602	 32.608696
2513	71.667199	 71.667199	 32.608696
2514	72.154733	 72.154733	 32.608696
2515	72.154733	 72.154733	 32.608696
2516	76.542523	 76.542523	 32.608696
2517	72.642260	 72.642260	 32.608696
2518	71.179664	 71.179664	 32.608696
2519	71.179664	 71.179664	 32.608696
2520	76.542523	 76.542523	 32.608696
2521	72.642260	 72.642260	 32.608696
2522	68.254475	 68.254475	 32.608696
2523	72.154733	 72.154733	 32.608696
2524	68.254475	 68.254475	 32.608696
2525	71.667199	 71.667199	 32.608696
2526	72.154733	 72.154733	 32.608696
2527	70.692137	 70.692137	 32.608696
2528	72.642260	 72.642260	 32.608696
2529	71.667199	 71.667199	 32.608696
2530	71.179664	 71.179664	 32.608696
2531	70.204602	 70.204602	 32.608696
2532	72.642260	 72.642260	 32.608696
2533	70.692137	 70.692137	 32.608696
2534	70.204602	 70.204602	 32.608696
2535	71.179664	 71.179664	 32.608696
2536	71.179664	 71.179664	 32.608696
2537	72.154733	 72.154733	 32.608696
2538	70.204602	 70.204602	 32.608696
2539	70.204602	 70.204602	 32.608696
2540	72.154733	 72.154733	 32.608696
2541	71.667199	 71.667199	 32.608696
2542	71.667199	 71.667199	 32.608696
2543	72.154733	 72.154733	 32.608696
2544	68.254475	 68.254475	 32.608696
2545	71.667199	 71.667199	 32.608696
2546	76.542523	 76.542523	 32.608696
2547	76.542523	 76.542523	 32.608696
2548	71.667199	 71.667199	 32.608696
2549	70.204602	 70.204602	 32.608696
2550	72.642260	 72.642260	 32.608696
2551	71.667199	 71.667199	 32.608696
2552	71.667199	 71.667199	 32.608696
2553	72.642260	 72.642260	 32.608696
2554	70.204602	 70.204602	 32.608696
2555	71.179664	 71.179664	 32.608696
2556	71.667199	 71.667199	 32.608696
2557	68.254475	 68.254475	 32.608696
2558	71.179664	 71.179664	 32.608696
2559	72.642260	 72.642260	 32.608696
2560	70.204602	 70.204602	 32.608696
2561	70.204602	 70.204602	 32.608696
2562	74.592391	 74.592391	 32.608696
2563	72.154733	 72.154733	 32.608696
2564	72.154733	 72.154733	 32.608696
2565	72.154733	 72.154733	 32.608696
2566	72.154733	 72.154733	 32.608696
2567	72.154733	 72.154733	 32.608696
2568	72.154733	 72.154733	 32.608696
2569	72.154733	 72.154733	 32.608696
2570	72.154733	 72.154733	 32.608696
