1	 0.000000	 0.000000	 0.271739	 0.000000	 
2	 0.000000	 0.000000	 0.271739	 0.000000	 
3	 96.531329	 96.531329	 0.271739	 355.235291	 
4	 37.539963	 37.539963	 0.271739	 138.147064	 
5	 0.000000	 0.000000	 0.271739	 0.000000	 
6	 0.000000	 0.000000	 0.271739	 0.000000	 
7	 0.000000	 0.000000	 0.271739	 0.000000	 
8	 0.000000	 0.000000	 0.271739	 0.000000	 
9	 0.000000	 0.000000	 0.271739	 0.000000	 
10	 0.000000	 0.000000	 0.271739	 0.000000	 
11	 0.000000	 0.000000	 0.271739	 0.000000	 
12	 0.000000	 0.000000	 0.271739	 0.000000	 
13	 0.000000	 0.000000	 0.271739	 0.000000	 
14	 0.000000	 0.000000	 0.271739	 0.000000	 
15	 81.905373	 81.905373	 0.271739	 301.411774	 
16	 60.941497	 60.941497	 0.271739	 224.264709	 
17	 0.000000	 0.000000	 0.271739	 0.000000	 
18	 0.000000	 0.000000	 0.271739	 0.000000	 
19	 0.000000	 0.000000	 0.271739	 0.000000	 
20	 0.000000	 0.000000	 0.271739	 0.000000	 
21	 0.000000	 0.000000	 0.271739	 0.000000	 
22	 0.000000	 0.000000	 0.271739	 0.000000	 
23	 0.000000	 0.000000	 0.271739	 0.000000	 
24	 0.000000	 0.000000	 0.271739	 0.000000	 
25	 0.000000	 0.000000	 0.271739	 0.000000	 
26	 0.000000	 0.000000	 0.271739	 0.000000	 
27	 0.000000	 0.000000	 0.271739	 0.000000	 
28	 0.000000	 0.000000	 0.271739	 0.000000	 
29	 3.900256	 3.900256	 0.271739	 14.352942	 
30	 3.900256	 3.900256	 0.271739	 14.352942	 
31	 0.000000	 0.000000	 0.271739	 0.000000	 
32	 0.000000	 0.000000	 0.271739	 0.000000	 
33	 0.000000	 0.000000	 0.271739	 0.000000	 
34	 0.000000	 0.000000	 0.271739	 0.000000	 
35	 0.000000	 0.000000	 0.271739	 0.000000	 
36	 0.000000	 0.000000	 0.271739	 0.000000	 
37	 0.000000	 0.000000	 0.271739	 0.000000	 
38	 0.000000	 0.000000	 0.271739	 0.000000	 
39	 0.000000	 0.000000	 0.271739	 0.000000	 
40	 0.000000	 0.000000	 0.271739	 0.000000	 
41	 0.000000	 0.000000	 0.271739	 0.000000	 
42	 0.000000	 0.000000	 0.271739	 0.000000	 
43	 35.102301	 35.102301	 0.271739	 129.176468	 
44	 0.000000	 0.000000	 0.271739	 0.000000	 
45	 0.000000	 0.000000	 0.271739	 0.000000	 
46	 0.000000	 0.000000	 0.271739	 0.000000	 
47	 0.000000	 0.000000	 0.271739	 0.000000	 
48	 0.000000	 0.000000	 0.271739	 0.000000	 
49	 0.000000	 0.000000	 0.271739	 0.000000	 
50	 0.000000	 0.000000	 0.271739	 0.000000	 
51	 0.000000	 0.000000	 0.271739	 0.000000	 
52	 0.000000	 0.000000	 0.271739	 0.000000	 
53	 0.000000	 0.000000	 0.271739	 0.000000	 
54	 0.000000	 0.000000	 0.271739	 0.000000	 
55	 0.000000	 0.000000	 0.271739	 0.000000	 
56	 0.000000	 0.000000	 0.271739	 0.000000	 
57	 0.487532	 0.487532	 0.271739	 1.794118	 
58	 0.000000	 0.000000	 0.271739	 0.000000	 
59	 0.000000	 0.000000	 0.271739	 0.000000	 
60	 0.000000	 0.000000	 0.271739	 0.000000	 
61	 0.000000	 0.000000	 0.271739	 0.000000	 
62	 0.000000	 0.000000	 0.271739	 0.000000	 
63	 0.000000	 0.000000	 0.271739	 0.000000	 
64	 0.000000	 0.000000	 0.271739	 0.000000	 
65	 0.000000	 0.000000	 0.271739	 0.000000	 
66	 0.000000	 0.000000	 0.271739	 0.000000	 
67	 0.000000	 0.000000	 0.271739	 0.000000	 
68	 0.000000	 0.000000	 0.271739	 0.000000	 
69	 81.905373	 81.905373	 0.271739	 301.411774	 
70	 0.000000	 0.000000	 0.271739	 0.000000	 
71	 0.000000	 0.000000	 0.271739	 0.000000	 
72	 0.000000	 0.000000	 0.271739	 0.000000	 
73	 0.000000	 0.000000	 0.271739	 0.000000	 
74	 0.000000	 0.000000	 0.271739	 0.000000	 
75	 0.000000	 0.000000	 0.271739	 0.000000	 
76	 0.000000	 0.000000	 0.271739	 0.000000	 
77	 0.000000	 0.000000	 0.271739	 0.000000	 
78	 0.000000	 0.000000	 0.271739	 0.000000	 
79	 0.000000	 0.000000	 0.271739	 0.000000	 
80	 0.000000	 0.000000	 0.271739	 0.000000	 
81	 0.000000	 0.000000	 0.271739	 0.000000	 
82	 62.891624	 62.891624	 0.271739	 231.441177	 
83	 0.000000	 0.000000	 0.271739	 0.000000	 
84	 0.000000	 0.000000	 0.271739	 0.000000	 
85	 0.000000	 0.000000	 0.271739	 0.000000	 
86	 0.000000	 0.000000	 0.271739	 0.000000	 
87	 0.000000	 0.000000	 0.271739	 0.000000	 
88	 0.000000	 0.000000	 0.271739	 0.000000	 
89	 0.000000	 0.000000	 0.271739	 0.000000	 
90	 0.000000	 0.000000	 0.271739	 0.000000	 
91	 0.000000	 0.000000	 0.271739	 0.000000	 
92	 0.000000	 0.000000	 0.271739	 0.000000	 
93	 0.000000	 0.000000	 0.271739	 0.000000	 
94	 0.000000	 0.000000	 0.271739	 0.000000	 
95	 0.000000	 0.000000	 0.271739	 0.000000	 
96	 81.905373	 81.905373	 0.271739	 301.411774	 
97	 60.941497	 60.941497	 0.271739	 224.264709	 
98	 0.000000	 0.000000	 0.271739	 0.000000	 
99	 0.000000	 0.000000	 0.271739	 0.000000	 
100	 0.000000	 0.000000	 0.271739	 0.000000	 
101	 0.000000	 0.000000	 0.271739	 0.000000	 
102	 0.000000	 0.000000	 0.271739	 0.000000	 
103	 0.000000	 0.000000	 0.271739	 0.000000	 
104	 0.000000	 0.000000	 0.271739	 0.000000	 
